{
  "stats": {
    "suites": 1,
    "tests": 1,
    "passes": 1,
    "pending": 0,
    "failures": 0,
    "start": "2020-08-30T00:20:06.207Z",
    "end": "2020-08-30T00:20:09.548Z",
    "duration": 3341,
    "testsRegistered": 1,
    "passPercent": 100,
    "pendingPercent": 0,
    "other": 0,
    "hasOther": false,
    "skipped": 0,
    "hasSkipped": false
  },
  "results": [
    {
      "uuid": "c1016aba-558c-4218-9bca-e60eade88494",
      "title": "",
      "fullFile": "cypress/integration/percyIntegration.spec.js",
      "file": "cypress/integration/percyIntegration.spec.js",
      "beforeHooks": [],
      "afterHooks": [],
      "tests": [],
      "suites": [
        {
          "uuid": "9756e093-aea6-4ab6-ba3c-effa19b89248",
          "title": "Visual Testing - Login Page",
          "fullFile": "",
          "file": "",
          "beforeHooks": [],
          "afterHooks": [],
          "tests": [
            {
              "title": "Should order a Test.allTheThings T-shirt",
              "fullTitle": "Visual Testing - Login Page Should order a Test.allTheThings T-shirt",
              "timedOut": null,
              "duration": 2196,
              "state": "passed",
              "speed": "slow",
              "pass": true,
              "fail": false,
              "pending": false,
              "context": null,
              "code": "cy.visit(\"https://www.saucedemo.com/\");\ncy.percySnapshot();\ncy.get(usernameInput).type(user);\ncy.get(passwordInput).type(pass);\ncy.get(loginButton).click();\ncy.url().should(\"eq\", \"https://www.saucedemo.com/inventory.html\");",
              "err": {},
              "uuid": "31df0a11-b21c-4a2c-aba5-6882067ecf84",
              "parentUUID": "9756e093-aea6-4ab6-ba3c-effa19b89248",
              "isHook": false,
              "skipped": false
            }
          ],
          "suites": [],
          "passes": [
            "31df0a11-b21c-4a2c-aba5-6882067ecf84"
          ],
          "failures": [],
          "pending": [],
          "skipped": [],
          "duration": 2196,
          "root": false,
          "rootEmpty": false,
          "_timeout": 2000
        }
      ],
      "passes": [],
      "failures": [],
      "pending": [],
      "skipped": [],
      "duration": 0,
      "root": true,
      "rootEmpty": true,
      "_timeout": 2000
    }
  ],
  "meta": {
    "mocha": {
      "version": "7.0.1"
    },
    "mochawesome": {
      "options": {
        "quiet": false,
        "reportFilename": "mochawesome",
        "saveHtml": false,
        "saveJson": true,
        "consoleReporter": "spec",
        "useInlineDiffs": false,
        "code": true
      },
      "version": "6.1.1"
    },
    "marge": {
      "options": {
        "overwrite": false,
        "html": false,
        "json": true
      },
      "version": "5.1.0"
    }
  }
}