{
  "stats": {
    "suites": 1,
    "tests": 9,
    "passes": 9,
    "pending": 0,
    "failures": 0,
    "start": "2020-08-30T00:30:51.070Z",
    "end": "2020-08-30T00:31:14.757Z",
    "duration": 23687,
    "testsRegistered": 9,
    "passPercent": 100,
    "pendingPercent": 0,
    "other": 0,
    "hasOther": false,
    "skipped": 0,
    "hasSkipped": false
  },
  "results": [
    {
      "uuid": "9159c8c9-e0b3-497b-b810-eabee59221e0",
      "title": "",
      "fullFile": "cypress/integration/order_viewport.spec.js",
      "file": "cypress/integration/order_viewport.spec.js",
      "beforeHooks": [],
      "afterHooks": [],
      "tests": [],
      "suites": [
        {
          "uuid": "e2177381-016c-4ecf-a356-2376c621a346",
          "title": "Order a product flow - mobile viewport",
          "fullFile": "",
          "file": "",
          "beforeHooks": [],
          "afterHooks": [],
          "tests": [
            {
              "title": "Should order a Test.allTheThings T-shirt: iphone-x ",
              "fullTitle": "Order a product flow - mobile viewport Should order a Test.allTheThings T-shirt: iphone-x ",
              "timedOut": null,
              "duration": 2993,
              "state": "passed",
              "speed": "slow",
              "pass": true,
              "fail": false,
              "pending": false,
              "context": null,
              "code": "cy.viewport(size);\ncy.visit(\"https://www.saucedemo.com/\");\ncy.get(usernameInput).type(user);\ncy.get(passwordInput).type(pass);\ncy.get(loginButton).click();\ncy.url().should(\"eq\", \"https://www.saucedemo.com/inventory.html\");\ncy.get(invContainer).contains(\"div\", \"Test.allTheThings() T-Shirt (Red)\").click();\ncy.url().should(\"eq\", \"https://www.saucedemo.com/inventory-item.html?id=3\");\ncy.get(nameProduct).should(\"have.text\", \"Test.allTheThings() T-Shirt (Red)\");\ncy.get(priceProduct).should(\"have.text\", \"$15.99\");\ncy.get(addToCartButton).click();\ncy.get(shopCartIcon).click();\ncy.url().should(\"eq\", \"https://www.saucedemo.com/cart.html\");\ncy.get(checkoutButton).click();\ncy.url().should(\"eq\", \"https://www.saucedemo.com/checkout-step-one.html\");\ncy.get(firstNameInput).type(firstName);\ncy.get(lastNameInput).type(lastName);\ncy.get(postalCodeInput).type(postalCode);\ncy.get(continueButton).click();\ncy.url().should(\"eq\", \"https://www.saucedemo.com/checkout-step-two.html\");\ncy.get(finishButton).click();\ncy.url().should(\"eq\", \"https://www.saucedemo.com/checkout-complete.html\");\ncy.get(messageFinish).should(\"have.text\", \"THANK YOU FOR YOUR ORDER\");",
              "err": {},
              "uuid": "44d8166d-3a72-4a6a-bb71-11fbd44323bf",
              "parentUUID": "e2177381-016c-4ecf-a356-2376c621a346",
              "isHook": false,
              "skipped": false
            },
            {
              "title": "Should order a Test.allTheThings T-shirt: iphone-xr ",
              "fullTitle": "Order a product flow - mobile viewport Should order a Test.allTheThings T-shirt: iphone-xr ",
              "timedOut": null,
              "duration": 2383,
              "state": "passed",
              "speed": "slow",
              "pass": true,
              "fail": false,
              "pending": false,
              "context": null,
              "code": "cy.viewport(size);\ncy.visit(\"https://www.saucedemo.com/\");\ncy.get(usernameInput).type(user);\ncy.get(passwordInput).type(pass);\ncy.get(loginButton).click();\ncy.url().should(\"eq\", \"https://www.saucedemo.com/inventory.html\");\ncy.get(invContainer).contains(\"div\", \"Test.allTheThings() T-Shirt (Red)\").click();\ncy.url().should(\"eq\", \"https://www.saucedemo.com/inventory-item.html?id=3\");\ncy.get(nameProduct).should(\"have.text\", \"Test.allTheThings() T-Shirt (Red)\");\ncy.get(priceProduct).should(\"have.text\", \"$15.99\");\ncy.get(addToCartButton).click();\ncy.get(shopCartIcon).click();\ncy.url().should(\"eq\", \"https://www.saucedemo.com/cart.html\");\ncy.get(checkoutButton).click();\ncy.url().should(\"eq\", \"https://www.saucedemo.com/checkout-step-one.html\");\ncy.get(firstNameInput).type(firstName);\ncy.get(lastNameInput).type(lastName);\ncy.get(postalCodeInput).type(postalCode);\ncy.get(continueButton).click();\ncy.url().should(\"eq\", \"https://www.saucedemo.com/checkout-step-two.html\");\ncy.get(finishButton).click();\ncy.url().should(\"eq\", \"https://www.saucedemo.com/checkout-complete.html\");\ncy.get(messageFinish).should(\"have.text\", \"THANK YOU FOR YOUR ORDER\");",
              "err": {},
              "uuid": "69f16220-67bd-403b-a700-1250e7e4ea8d",
              "parentUUID": "e2177381-016c-4ecf-a356-2376c621a346",
              "isHook": false,
              "skipped": false
            },
            {
              "title": "Should order a Test.allTheThings T-shirt: samsung-note9 ",
              "fullTitle": "Order a product flow - mobile viewport Should order a Test.allTheThings T-shirt: samsung-note9 ",
              "timedOut": null,
              "duration": 2158,
              "state": "passed",
              "speed": "slow",
              "pass": true,
              "fail": false,
              "pending": false,
              "context": null,
              "code": "cy.viewport(size);\ncy.visit(\"https://www.saucedemo.com/\");\ncy.get(usernameInput).type(user);\ncy.get(passwordInput).type(pass);\ncy.get(loginButton).click();\ncy.url().should(\"eq\", \"https://www.saucedemo.com/inventory.html\");\ncy.get(invContainer).contains(\"div\", \"Test.allTheThings() T-Shirt (Red)\").click();\ncy.url().should(\"eq\", \"https://www.saucedemo.com/inventory-item.html?id=3\");\ncy.get(nameProduct).should(\"have.text\", \"Test.allTheThings() T-Shirt (Red)\");\ncy.get(priceProduct).should(\"have.text\", \"$15.99\");\ncy.get(addToCartButton).click();\ncy.get(shopCartIcon).click();\ncy.url().should(\"eq\", \"https://www.saucedemo.com/cart.html\");\ncy.get(checkoutButton).click();\ncy.url().should(\"eq\", \"https://www.saucedemo.com/checkout-step-one.html\");\ncy.get(firstNameInput).type(firstName);\ncy.get(lastNameInput).type(lastName);\ncy.get(postalCodeInput).type(postalCode);\ncy.get(continueButton).click();\ncy.url().should(\"eq\", \"https://www.saucedemo.com/checkout-step-two.html\");\ncy.get(finishButton).click();\ncy.url().should(\"eq\", \"https://www.saucedemo.com/checkout-complete.html\");\ncy.get(messageFinish).should(\"have.text\", \"THANK YOU FOR YOUR ORDER\");",
              "err": {},
              "uuid": "4a3285f5-796a-4b59-afcc-47f771a2c729",
              "parentUUID": "e2177381-016c-4ecf-a356-2376c621a346",
              "isHook": false,
              "skipped": false
            },
            {
              "title": "Should order a Test.allTheThings T-shirt: samsung-s10 ",
              "fullTitle": "Order a product flow - mobile viewport Should order a Test.allTheThings T-shirt: samsung-s10 ",
              "timedOut": null,
              "duration": 2509,
              "state": "passed",
              "speed": "slow",
              "pass": true,
              "fail": false,
              "pending": false,
              "context": null,
              "code": "cy.viewport(size);\ncy.visit(\"https://www.saucedemo.com/\");\ncy.get(usernameInput).type(user);\ncy.get(passwordInput).type(pass);\ncy.get(loginButton).click();\ncy.url().should(\"eq\", \"https://www.saucedemo.com/inventory.html\");\ncy.get(invContainer).contains(\"div\", \"Test.allTheThings() T-Shirt (Red)\").click();\ncy.url().should(\"eq\", \"https://www.saucedemo.com/inventory-item.html?id=3\");\ncy.get(nameProduct).should(\"have.text\", \"Test.allTheThings() T-Shirt (Red)\");\ncy.get(priceProduct).should(\"have.text\", \"$15.99\");\ncy.get(addToCartButton).click();\ncy.get(shopCartIcon).click();\ncy.url().should(\"eq\", \"https://www.saucedemo.com/cart.html\");\ncy.get(checkoutButton).click();\ncy.url().should(\"eq\", \"https://www.saucedemo.com/checkout-step-one.html\");\ncy.get(firstNameInput).type(firstName);\ncy.get(lastNameInput).type(lastName);\ncy.get(postalCodeInput).type(postalCode);\ncy.get(continueButton).click();\ncy.url().should(\"eq\", \"https://www.saucedemo.com/checkout-step-two.html\");\ncy.get(finishButton).click();\ncy.url().should(\"eq\", \"https://www.saucedemo.com/checkout-complete.html\");\ncy.get(messageFinish).should(\"have.text\", \"THANK YOU FOR YOUR ORDER\");",
              "err": {},
              "uuid": "222f501e-ed4c-43f3-a2a2-bec71f490881",
              "parentUUID": "e2177381-016c-4ecf-a356-2376c621a346",
              "isHook": false,
              "skipped": false
            },
            {
              "title": "Should order a Test.allTheThings T-shirt: ipad-mini ",
              "fullTitle": "Order a product flow - mobile viewport Should order a Test.allTheThings T-shirt: ipad-mini ",
              "timedOut": null,
              "duration": 2297,
              "state": "passed",
              "speed": "slow",
              "pass": true,
              "fail": false,
              "pending": false,
              "context": null,
              "code": "cy.viewport(size, 'landscape');\ncy.visit(\"https://www.saucedemo.com/\");\ncy.get(usernameInput).type(user);\ncy.get(passwordInput).type(pass);\ncy.get(loginButton).click();\ncy.url().should(\"eq\", \"https://www.saucedemo.com/inventory.html\");\ncy.get(invContainer).contains(\"div\", \"Test.allTheThings() T-Shirt (Red)\").click();\ncy.url().should(\"eq\", \"https://www.saucedemo.com/inventory-item.html?id=3\");\ncy.get(nameProduct).should(\"have.text\", \"Test.allTheThings() T-Shirt (Red)\");\ncy.get(priceProduct).should(\"have.text\", \"$15.99\");\ncy.get(addToCartButton).click();\ncy.get(shopCartIcon).click();\ncy.url().should(\"eq\", \"https://www.saucedemo.com/cart.html\");\ncy.get(checkoutButton).click();\ncy.url().should(\"eq\", \"https://www.saucedemo.com/checkout-step-one.html\");\ncy.get(firstNameInput).type(firstName);\ncy.get(lastNameInput).type(lastName);\ncy.get(postalCodeInput).type(postalCode);\ncy.get(continueButton).click();\ncy.url().should(\"eq\", \"https://www.saucedemo.com/checkout-step-two.html\");\ncy.get(finishButton).click();\ncy.url().should(\"eq\", \"https://www.saucedemo.com/checkout-complete.html\");\ncy.get(messageFinish).should(\"have.text\", \"THANK YOU FOR YOUR ORDER\");",
              "err": {},
              "uuid": "570d8627-3a86-411b-a8fa-435e5f5c424e",
              "parentUUID": "e2177381-016c-4ecf-a356-2376c621a346",
              "isHook": false,
              "skipped": false
            },
            {
              "title": "Should order a Test.allTheThings T-shirt: ipad-2 ",
              "fullTitle": "Order a product flow - mobile viewport Should order a Test.allTheThings T-shirt: ipad-2 ",
              "timedOut": null,
              "duration": 2348,
              "state": "passed",
              "speed": "slow",
              "pass": true,
              "fail": false,
              "pending": false,
              "context": null,
              "code": "cy.viewport(size, 'landscape');\ncy.visit(\"https://www.saucedemo.com/\");\ncy.get(usernameInput).type(user);\ncy.get(passwordInput).type(pass);\ncy.get(loginButton).click();\ncy.url().should(\"eq\", \"https://www.saucedemo.com/inventory.html\");\ncy.get(invContainer).contains(\"div\", \"Test.allTheThings() T-Shirt (Red)\").click();\ncy.url().should(\"eq\", \"https://www.saucedemo.com/inventory-item.html?id=3\");\ncy.get(nameProduct).should(\"have.text\", \"Test.allTheThings() T-Shirt (Red)\");\ncy.get(priceProduct).should(\"have.text\", \"$15.99\");\ncy.get(addToCartButton).click();\ncy.get(shopCartIcon).click();\ncy.url().should(\"eq\", \"https://www.saucedemo.com/cart.html\");\ncy.get(checkoutButton).click();\ncy.url().should(\"eq\", \"https://www.saucedemo.com/checkout-step-one.html\");\ncy.get(firstNameInput).type(firstName);\ncy.get(lastNameInput).type(lastName);\ncy.get(postalCodeInput).type(postalCode);\ncy.get(continueButton).click();\ncy.url().should(\"eq\", \"https://www.saucedemo.com/checkout-step-two.html\");\ncy.get(finishButton).click();\ncy.url().should(\"eq\", \"https://www.saucedemo.com/checkout-complete.html\");\ncy.get(messageFinish).should(\"have.text\", \"THANK YOU FOR YOUR ORDER\");",
              "err": {},
              "uuid": "d77cff9a-fc95-4ff3-9483-83f4797f56d3",
              "parentUUID": "e2177381-016c-4ecf-a356-2376c621a346",
              "isHook": false,
              "skipped": false
            },
            {
              "title": "Should order a Test.allTheThings T-shirt: macbook-11 ",
              "fullTitle": "Order a product flow - mobile viewport Should order a Test.allTheThings T-shirt: macbook-11 ",
              "timedOut": null,
              "duration": 2276,
              "state": "passed",
              "speed": "slow",
              "pass": true,
              "fail": false,
              "pending": false,
              "context": null,
              "code": "cy.viewport(size);\ncy.visit(\"https://www.saucedemo.com/\");\ncy.get(usernameInput).type(user);\ncy.get(passwordInput).type(pass);\ncy.get(loginButton).click();\ncy.url().should(\"eq\", \"https://www.saucedemo.com/inventory.html\");\ncy.get(invContainer).contains(\"div\", \"Test.allTheThings() T-Shirt (Red)\").click();\ncy.url().should(\"eq\", \"https://www.saucedemo.com/inventory-item.html?id=3\");\ncy.get(nameProduct).should(\"have.text\", \"Test.allTheThings() T-Shirt (Red)\");\ncy.get(priceProduct).should(\"have.text\", \"$15.99\");\ncy.get(addToCartButton).click();\ncy.get(shopCartIcon).click();\ncy.url().should(\"eq\", \"https://www.saucedemo.com/cart.html\");\ncy.get(checkoutButton).click();\ncy.url().should(\"eq\", \"https://www.saucedemo.com/checkout-step-one.html\");\ncy.get(firstNameInput).type(firstName);\ncy.get(lastNameInput).type(lastName);\ncy.get(postalCodeInput).type(postalCode);\ncy.get(continueButton).click();\ncy.url().should(\"eq\", \"https://www.saucedemo.com/checkout-step-two.html\");\ncy.get(finishButton).click();\ncy.url().should(\"eq\", \"https://www.saucedemo.com/checkout-complete.html\");\ncy.get(messageFinish).should(\"have.text\", \"THANK YOU FOR YOUR ORDER\");",
              "err": {},
              "uuid": "a0080447-d634-456c-940f-86a2de558389",
              "parentUUID": "e2177381-016c-4ecf-a356-2376c621a346",
              "isHook": false,
              "skipped": false
            },
            {
              "title": "Should order a Test.allTheThings T-shirt: macbook-13 ",
              "fullTitle": "Order a product flow - mobile viewport Should order a Test.allTheThings T-shirt: macbook-13 ",
              "timedOut": null,
              "duration": 2305,
              "state": "passed",
              "speed": "slow",
              "pass": true,
              "fail": false,
              "pending": false,
              "context": null,
              "code": "cy.viewport(size);\ncy.visit(\"https://www.saucedemo.com/\");\ncy.get(usernameInput).type(user);\ncy.get(passwordInput).type(pass);\ncy.get(loginButton).click();\ncy.url().should(\"eq\", \"https://www.saucedemo.com/inventory.html\");\ncy.get(invContainer).contains(\"div\", \"Test.allTheThings() T-Shirt (Red)\").click();\ncy.url().should(\"eq\", \"https://www.saucedemo.com/inventory-item.html?id=3\");\ncy.get(nameProduct).should(\"have.text\", \"Test.allTheThings() T-Shirt (Red)\");\ncy.get(priceProduct).should(\"have.text\", \"$15.99\");\ncy.get(addToCartButton).click();\ncy.get(shopCartIcon).click();\ncy.url().should(\"eq\", \"https://www.saucedemo.com/cart.html\");\ncy.get(checkoutButton).click();\ncy.url().should(\"eq\", \"https://www.saucedemo.com/checkout-step-one.html\");\ncy.get(firstNameInput).type(firstName);\ncy.get(lastNameInput).type(lastName);\ncy.get(postalCodeInput).type(postalCode);\ncy.get(continueButton).click();\ncy.url().should(\"eq\", \"https://www.saucedemo.com/checkout-step-two.html\");\ncy.get(finishButton).click();\ncy.url().should(\"eq\", \"https://www.saucedemo.com/checkout-complete.html\");\ncy.get(messageFinish).should(\"have.text\", \"THANK YOU FOR YOUR ORDER\");",
              "err": {},
              "uuid": "c9006fd4-aa0a-4ec5-b10a-8065e34482bf",
              "parentUUID": "e2177381-016c-4ecf-a356-2376c621a346",
              "isHook": false,
              "skipped": false
            },
            {
              "title": "Should order a Test.allTheThings T-shirt: macbook-15 ",
              "fullTitle": "Order a product flow - mobile viewport Should order a Test.allTheThings T-shirt: macbook-15 ",
              "timedOut": null,
              "duration": 2576,
              "state": "passed",
              "speed": "slow",
              "pass": true,
              "fail": false,
              "pending": false,
              "context": null,
              "code": "cy.viewport(size);\ncy.visit(\"https://www.saucedemo.com/\");\ncy.get(usernameInput).type(user);\ncy.get(passwordInput).type(pass);\ncy.get(loginButton).click();\ncy.url().should(\"eq\", \"https://www.saucedemo.com/inventory.html\");\ncy.get(invContainer).contains(\"div\", \"Test.allTheThings() T-Shirt (Red)\").click();\ncy.url().should(\"eq\", \"https://www.saucedemo.com/inventory-item.html?id=3\");\ncy.get(nameProduct).should(\"have.text\", \"Test.allTheThings() T-Shirt (Red)\");\ncy.get(priceProduct).should(\"have.text\", \"$15.99\");\ncy.get(addToCartButton).click();\ncy.get(shopCartIcon).click();\ncy.url().should(\"eq\", \"https://www.saucedemo.com/cart.html\");\ncy.get(checkoutButton).click();\ncy.url().should(\"eq\", \"https://www.saucedemo.com/checkout-step-one.html\");\ncy.get(firstNameInput).type(firstName);\ncy.get(lastNameInput).type(lastName);\ncy.get(postalCodeInput).type(postalCode);\ncy.get(continueButton).click();\ncy.url().should(\"eq\", \"https://www.saucedemo.com/checkout-step-two.html\");\ncy.get(finishButton).click();\ncy.url().should(\"eq\", \"https://www.saucedemo.com/checkout-complete.html\");\ncy.get(messageFinish).should(\"have.text\", \"THANK YOU FOR YOUR ORDER\");",
              "err": {},
              "uuid": "a13e12e6-900b-4943-b49f-c52b6a79699a",
              "parentUUID": "e2177381-016c-4ecf-a356-2376c621a346",
              "isHook": false,
              "skipped": false
            }
          ],
          "suites": [],
          "passes": [
            "44d8166d-3a72-4a6a-bb71-11fbd44323bf",
            "69f16220-67bd-403b-a700-1250e7e4ea8d",
            "4a3285f5-796a-4b59-afcc-47f771a2c729",
            "222f501e-ed4c-43f3-a2a2-bec71f490881",
            "570d8627-3a86-411b-a8fa-435e5f5c424e",
            "d77cff9a-fc95-4ff3-9483-83f4797f56d3",
            "a0080447-d634-456c-940f-86a2de558389",
            "c9006fd4-aa0a-4ec5-b10a-8065e34482bf",
            "a13e12e6-900b-4943-b49f-c52b6a79699a"
          ],
          "failures": [],
          "pending": [],
          "skipped": [],
          "duration": 21845,
          "root": false,
          "rootEmpty": false,
          "_timeout": 2000
        }
      ],
      "passes": [],
      "failures": [],
      "pending": [],
      "skipped": [],
      "duration": 0,
      "root": true,
      "rootEmpty": true,
      "_timeout": 2000
    }
  ],
  "meta": {
    "mocha": {
      "version": "7.0.1"
    },
    "mochawesome": {
      "options": {
        "quiet": false,
        "reportFilename": "mochawesome",
        "saveHtml": false,
        "saveJson": true,
        "consoleReporter": "spec",
        "useInlineDiffs": false,
        "code": true
      },
      "version": "6.1.1"
    },
    "marge": {
      "options": {
        "overwrite": false,
        "html": false,
        "json": true
      },
      "version": "5.1.0"
    }
  }
}
