{
  "stats": {
    "suites": 1,
    "tests": 9,
    "passes": 9,
    "pending": 0,
    "failures": 0,
    "start": "2020-08-30T00:09:41.794Z",
    "end": "2020-08-30T00:10:08.124Z",
    "duration": 26330,
    "testsRegistered": 9,
    "passPercent": 100,
    "pendingPercent": 0,
    "other": 0,
    "hasOther": false,
    "skipped": 0,
    "hasSkipped": false
  },
  "results": [
    {
      "uuid": "9bc8b953-fdd9-4aed-87b7-21c18772ea94",
      "title": "",
      "fullFile": "cypress/integration/order_viewport.spec.js",
      "file": "cypress/integration/order_viewport.spec.js",
      "beforeHooks": [],
      "afterHooks": [],
      "tests": [],
      "suites": [
        {
          "uuid": "f9b587ba-aaef-4092-84db-d5905893615a",
          "title": "Order a product flow - mobile viewport",
          "fullFile": "",
          "file": "",
          "beforeHooks": [],
          "afterHooks": [],
          "tests": [
            {
              "title": "Should order a Test.allTheThings T-shirt: iphone-x ",
              "fullTitle": "Order a product flow - mobile viewport Should order a Test.allTheThings T-shirt: iphone-x ",
              "timedOut": null,
              "duration": 4826,
              "state": "passed",
              "speed": "slow",
              "pass": true,
              "fail": false,
              "pending": false,
              "context": null,
              "code": "cy.viewport(size);\ncy.visit(\"https://www.saucedemo.com/\");\ncy.get(usernameInput).type(user);\ncy.get(passwordInput).type(pass);\ncy.get(loginButton).click();\ncy.url().should(\"eq\", \"https://www.saucedemo.com/inventory.html\");\ncy.get(invContainer).contains(\"div\", \"Test.allTheThings() T-Shirt (Red)\").click();\ncy.url().should(\"eq\", \"https://www.saucedemo.com/inventory-item.html?id=3\");\ncy.get(nameProduct).should(\"have.text\", \"Test.allTheThings() T-Shirt (Red)\");\ncy.get(priceProduct).should(\"have.text\", \"$15.99\");\ncy.get(addToCartButton).click();\ncy.get(shopCartIcon).click();\ncy.url().should(\"eq\", \"https://www.saucedemo.com/cart.html\");\ncy.get(checkoutButton).click();\ncy.url().should(\"eq\", \"https://www.saucedemo.com/checkout-step-one.html\");\ncy.get(firstNameInput).type(firstName);\ncy.get(lastNameInput).type(lastName);\ncy.get(postalCodeInput).type(postalCode);\ncy.get(continueButton).click();\ncy.url().should(\"eq\", \"https://www.saucedemo.com/checkout-step-two.html\");\ncy.get(finishButton).click();\ncy.url().should(\"eq\", \"https://www.saucedemo.com/checkout-complete.html\");\ncy.get(messageFinish).should(\"have.text\", \"THANK YOU FOR YOUR ORDER\");",
              "err": {},
              "uuid": "f4eee261-8536-4017-b759-fe9bdea9dd70",
              "parentUUID": "f9b587ba-aaef-4092-84db-d5905893615a",
              "isHook": false,
              "skipped": false
            },
            {
              "title": "Should order a Test.allTheThings T-shirt: iphone-xr ",
              "fullTitle": "Order a product flow - mobile viewport Should order a Test.allTheThings T-shirt: iphone-xr ",
              "timedOut": null,
              "duration": 2581,
              "state": "passed",
              "speed": "slow",
              "pass": true,
              "fail": false,
              "pending": false,
              "context": null,
              "code": "cy.viewport(size);\ncy.visit(\"https://www.saucedemo.com/\");\ncy.get(usernameInput).type(user);\ncy.get(passwordInput).type(pass);\ncy.get(loginButton).click();\ncy.url().should(\"eq\", \"https://www.saucedemo.com/inventory.html\");\ncy.get(invContainer).contains(\"div\", \"Test.allTheThings() T-Shirt (Red)\").click();\ncy.url().should(\"eq\", \"https://www.saucedemo.com/inventory-item.html?id=3\");\ncy.get(nameProduct).should(\"have.text\", \"Test.allTheThings() T-Shirt (Red)\");\ncy.get(priceProduct).should(\"have.text\", \"$15.99\");\ncy.get(addToCartButton).click();\ncy.get(shopCartIcon).click();\ncy.url().should(\"eq\", \"https://www.saucedemo.com/cart.html\");\ncy.get(checkoutButton).click();\ncy.url().should(\"eq\", \"https://www.saucedemo.com/checkout-step-one.html\");\ncy.get(firstNameInput).type(firstName);\ncy.get(lastNameInput).type(lastName);\ncy.get(postalCodeInput).type(postalCode);\ncy.get(continueButton).click();\ncy.url().should(\"eq\", \"https://www.saucedemo.com/checkout-step-two.html\");\ncy.get(finishButton).click();\ncy.url().should(\"eq\", \"https://www.saucedemo.com/checkout-complete.html\");\ncy.get(messageFinish).should(\"have.text\", \"THANK YOU FOR YOUR ORDER\");",
              "err": {},
              "uuid": "0fc67370-78cf-4ef1-a48b-63ed17037ee5",
              "parentUUID": "f9b587ba-aaef-4092-84db-d5905893615a",
              "isHook": false,
              "skipped": false
            },
            {
              "title": "Should order a Test.allTheThings T-shirt: samsung-note9 ",
              "fullTitle": "Order a product flow - mobile viewport Should order a Test.allTheThings T-shirt: samsung-note9 ",
              "timedOut": null,
              "duration": 2471,
              "state": "passed",
              "speed": "slow",
              "pass": true,
              "fail": false,
              "pending": false,
              "context": null,
              "code": "cy.viewport(size);\ncy.visit(\"https://www.saucedemo.com/\");\ncy.get(usernameInput).type(user);\ncy.get(passwordInput).type(pass);\ncy.get(loginButton).click();\ncy.url().should(\"eq\", \"https://www.saucedemo.com/inventory.html\");\ncy.get(invContainer).contains(\"div\", \"Test.allTheThings() T-Shirt (Red)\").click();\ncy.url().should(\"eq\", \"https://www.saucedemo.com/inventory-item.html?id=3\");\ncy.get(nameProduct).should(\"have.text\", \"Test.allTheThings() T-Shirt (Red)\");\ncy.get(priceProduct).should(\"have.text\", \"$15.99\");\ncy.get(addToCartButton).click();\ncy.get(shopCartIcon).click();\ncy.url().should(\"eq\", \"https://www.saucedemo.com/cart.html\");\ncy.get(checkoutButton).click();\ncy.url().should(\"eq\", \"https://www.saucedemo.com/checkout-step-one.html\");\ncy.get(firstNameInput).type(firstName);\ncy.get(lastNameInput).type(lastName);\ncy.get(postalCodeInput).type(postalCode);\ncy.get(continueButton).click();\ncy.url().should(\"eq\", \"https://www.saucedemo.com/checkout-step-two.html\");\ncy.get(finishButton).click();\ncy.url().should(\"eq\", \"https://www.saucedemo.com/checkout-complete.html\");\ncy.get(messageFinish).should(\"have.text\", \"THANK YOU FOR YOUR ORDER\");",
              "err": {},
              "uuid": "082a9350-0343-455e-9155-cb1c8d9275f7",
              "parentUUID": "f9b587ba-aaef-4092-84db-d5905893615a",
              "isHook": false,
              "skipped": false
            },
            {
              "title": "Should order a Test.allTheThings T-shirt: samsung-s10 ",
              "fullTitle": "Order a product flow - mobile viewport Should order a Test.allTheThings T-shirt: samsung-s10 ",
              "timedOut": null,
              "duration": 2493,
              "state": "passed",
              "speed": "slow",
              "pass": true,
              "fail": false,
              "pending": false,
              "context": null,
              "code": "cy.viewport(size);\ncy.visit(\"https://www.saucedemo.com/\");\ncy.get(usernameInput).type(user);\ncy.get(passwordInput).type(pass);\ncy.get(loginButton).click();\ncy.url().should(\"eq\", \"https://www.saucedemo.com/inventory.html\");\ncy.get(invContainer).contains(\"div\", \"Test.allTheThings() T-Shirt (Red)\").click();\ncy.url().should(\"eq\", \"https://www.saucedemo.com/inventory-item.html?id=3\");\ncy.get(nameProduct).should(\"have.text\", \"Test.allTheThings() T-Shirt (Red)\");\ncy.get(priceProduct).should(\"have.text\", \"$15.99\");\ncy.get(addToCartButton).click();\ncy.get(shopCartIcon).click();\ncy.url().should(\"eq\", \"https://www.saucedemo.com/cart.html\");\ncy.get(checkoutButton).click();\ncy.url().should(\"eq\", \"https://www.saucedemo.com/checkout-step-one.html\");\ncy.get(firstNameInput).type(firstName);\ncy.get(lastNameInput).type(lastName);\ncy.get(postalCodeInput).type(postalCode);\ncy.get(continueButton).click();\ncy.url().should(\"eq\", \"https://www.saucedemo.com/checkout-step-two.html\");\ncy.get(finishButton).click();\ncy.url().should(\"eq\", \"https://www.saucedemo.com/checkout-complete.html\");\ncy.get(messageFinish).should(\"have.text\", \"THANK YOU FOR YOUR ORDER\");",
              "err": {},
              "uuid": "76d5e6d3-1b2f-4e43-ba00-60e5e249b696",
              "parentUUID": "f9b587ba-aaef-4092-84db-d5905893615a",
              "isHook": false,
              "skipped": false
            },
            {
              "title": "Should order a Test.allTheThings T-shirt: ipad-mini ",
              "fullTitle": "Order a product flow - mobile viewport Should order a Test.allTheThings T-shirt: ipad-mini ",
              "timedOut": null,
              "duration": 2418,
              "state": "passed",
              "speed": "slow",
              "pass": true,
              "fail": false,
              "pending": false,
              "context": null,
              "code": "cy.viewport(size, 'landscape');\ncy.visit(\"https://www.saucedemo.com/\");\ncy.get(usernameInput).type(user);\ncy.get(passwordInput).type(pass);\ncy.get(loginButton).click();\ncy.url().should(\"eq\", \"https://www.saucedemo.com/inventory.html\");\ncy.get(invContainer).contains(\"div\", \"Test.allTheThings() T-Shirt (Red)\").click();\ncy.url().should(\"eq\", \"https://www.saucedemo.com/inventory-item.html?id=3\");\ncy.get(nameProduct).should(\"have.text\", \"Test.allTheThings() T-Shirt (Red)\");\ncy.get(priceProduct).should(\"have.text\", \"$15.99\");\ncy.get(addToCartButton).click();\ncy.get(shopCartIcon).click();\ncy.url().should(\"eq\", \"https://www.saucedemo.com/cart.html\");\ncy.get(checkoutButton).click();\ncy.url().should(\"eq\", \"https://www.saucedemo.com/checkout-step-one.html\");\ncy.get(firstNameInput).type(firstName);\ncy.get(lastNameInput).type(lastName);\ncy.get(postalCodeInput).type(postalCode);\ncy.get(continueButton).click();\ncy.url().should(\"eq\", \"https://www.saucedemo.com/checkout-step-two.html\");\ncy.get(finishButton).click();\ncy.url().should(\"eq\", \"https://www.saucedemo.com/checkout-complete.html\");\ncy.get(messageFinish).should(\"have.text\", \"THANK YOU FOR YOUR ORDER\");",
              "err": {},
              "uuid": "f80bc04d-e22a-46a6-a11c-e26b9820f4e3",
              "parentUUID": "f9b587ba-aaef-4092-84db-d5905893615a",
              "isHook": false,
              "skipped": false
            },
            {
              "title": "Should order a Test.allTheThings T-shirt: ipad-2 ",
              "fullTitle": "Order a product flow - mobile viewport Should order a Test.allTheThings T-shirt: ipad-2 ",
              "timedOut": null,
              "duration": 2413,
              "state": "passed",
              "speed": "slow",
              "pass": true,
              "fail": false,
              "pending": false,
              "context": null,
              "code": "cy.viewport(size, 'landscape');\ncy.visit(\"https://www.saucedemo.com/\");\ncy.get(usernameInput).type(user);\ncy.get(passwordInput).type(pass);\ncy.get(loginButton).click();\ncy.url().should(\"eq\", \"https://www.saucedemo.com/inventory.html\");\ncy.get(invContainer).contains(\"div\", \"Test.allTheThings() T-Shirt (Red)\").click();\ncy.url().should(\"eq\", \"https://www.saucedemo.com/inventory-item.html?id=3\");\ncy.get(nameProduct).should(\"have.text\", \"Test.allTheThings() T-Shirt (Red)\");\ncy.get(priceProduct).should(\"have.text\", \"$15.99\");\ncy.get(addToCartButton).click();\ncy.get(shopCartIcon).click();\ncy.url().should(\"eq\", \"https://www.saucedemo.com/cart.html\");\ncy.get(checkoutButton).click();\ncy.url().should(\"eq\", \"https://www.saucedemo.com/checkout-step-one.html\");\ncy.get(firstNameInput).type(firstName);\ncy.get(lastNameInput).type(lastName);\ncy.get(postalCodeInput).type(postalCode);\ncy.get(continueButton).click();\ncy.url().should(\"eq\", \"https://www.saucedemo.com/checkout-step-two.html\");\ncy.get(finishButton).click();\ncy.url().should(\"eq\", \"https://www.saucedemo.com/checkout-complete.html\");\ncy.get(messageFinish).should(\"have.text\", \"THANK YOU FOR YOUR ORDER\");",
              "err": {},
              "uuid": "a4d18af6-f887-45fb-855e-70fc87dec896",
              "parentUUID": "f9b587ba-aaef-4092-84db-d5905893615a",
              "isHook": false,
              "skipped": false
            },
            {
              "title": "Should order a Test.allTheThings T-shirt: macbook-11 ",
              "fullTitle": "Order a product flow - mobile viewport Should order a Test.allTheThings T-shirt: macbook-11 ",
              "timedOut": null,
              "duration": 2274,
              "state": "passed",
              "speed": "slow",
              "pass": true,
              "fail": false,
              "pending": false,
              "context": null,
              "code": "cy.viewport(size);\ncy.visit(\"https://www.saucedemo.com/\");\ncy.get(usernameInput).type(user);\ncy.get(passwordInput).type(pass);\ncy.get(loginButton).click();\ncy.url().should(\"eq\", \"https://www.saucedemo.com/inventory.html\");\ncy.get(invContainer).contains(\"div\", \"Test.allTheThings() T-Shirt (Red)\").click();\ncy.url().should(\"eq\", \"https://www.saucedemo.com/inventory-item.html?id=3\");\ncy.get(nameProduct).should(\"have.text\", \"Test.allTheThings() T-Shirt (Red)\");\ncy.get(priceProduct).should(\"have.text\", \"$15.99\");\ncy.get(addToCartButton).click();\ncy.get(shopCartIcon).click();\ncy.url().should(\"eq\", \"https://www.saucedemo.com/cart.html\");\ncy.get(checkoutButton).click();\ncy.url().should(\"eq\", \"https://www.saucedemo.com/checkout-step-one.html\");\ncy.get(firstNameInput).type(firstName);\ncy.get(lastNameInput).type(lastName);\ncy.get(postalCodeInput).type(postalCode);\ncy.get(continueButton).click();\ncy.url().should(\"eq\", \"https://www.saucedemo.com/checkout-step-two.html\");\ncy.get(finishButton).click();\ncy.url().should(\"eq\", \"https://www.saucedemo.com/checkout-complete.html\");\ncy.get(messageFinish).should(\"have.text\", \"THANK YOU FOR YOUR ORDER\");",
              "err": {},
              "uuid": "bba48d64-f9a4-4e28-bfbf-1e3ae5ffbb84",
              "parentUUID": "f9b587ba-aaef-4092-84db-d5905893615a",
              "isHook": false,
              "skipped": false
            },
            {
              "title": "Should order a Test.allTheThings T-shirt: macbook-13 ",
              "fullTitle": "Order a product flow - mobile viewport Should order a Test.allTheThings T-shirt: macbook-13 ",
              "timedOut": null,
              "duration": 2420,
              "state": "passed",
              "speed": "slow",
              "pass": true,
              "fail": false,
              "pending": false,
              "context": null,
              "code": "cy.viewport(size);\ncy.visit(\"https://www.saucedemo.com/\");\ncy.get(usernameInput).type(user);\ncy.get(passwordInput).type(pass);\ncy.get(loginButton).click();\ncy.url().should(\"eq\", \"https://www.saucedemo.com/inventory.html\");\ncy.get(invContainer).contains(\"div\", \"Test.allTheThings() T-Shirt (Red)\").click();\ncy.url().should(\"eq\", \"https://www.saucedemo.com/inventory-item.html?id=3\");\ncy.get(nameProduct).should(\"have.text\", \"Test.allTheThings() T-Shirt (Red)\");\ncy.get(priceProduct).should(\"have.text\", \"$15.99\");\ncy.get(addToCartButton).click();\ncy.get(shopCartIcon).click();\ncy.url().should(\"eq\", \"https://www.saucedemo.com/cart.html\");\ncy.get(checkoutButton).click();\ncy.url().should(\"eq\", \"https://www.saucedemo.com/checkout-step-one.html\");\ncy.get(firstNameInput).type(firstName);\ncy.get(lastNameInput).type(lastName);\ncy.get(postalCodeInput).type(postalCode);\ncy.get(continueButton).click();\ncy.url().should(\"eq\", \"https://www.saucedemo.com/checkout-step-two.html\");\ncy.get(finishButton).click();\ncy.url().should(\"eq\", \"https://www.saucedemo.com/checkout-complete.html\");\ncy.get(messageFinish).should(\"have.text\", \"THANK YOU FOR YOUR ORDER\");",
              "err": {},
              "uuid": "150a1062-c82b-4859-907e-4b251015b4f0",
              "parentUUID": "f9b587ba-aaef-4092-84db-d5905893615a",
              "isHook": false,
              "skipped": false
            },
            {
              "title": "Should order a Test.allTheThings T-shirt: macbook-15 ",
              "fullTitle": "Order a product flow - mobile viewport Should order a Test.allTheThings T-shirt: macbook-15 ",
              "timedOut": null,
              "duration": 2353,
              "state": "passed",
              "speed": "slow",
              "pass": true,
              "fail": false,
              "pending": false,
              "context": null,
              "code": "cy.viewport(size);\ncy.visit(\"https://www.saucedemo.com/\");\ncy.get(usernameInput).type(user);\ncy.get(passwordInput).type(pass);\ncy.get(loginButton).click();\ncy.url().should(\"eq\", \"https://www.saucedemo.com/inventory.html\");\ncy.get(invContainer).contains(\"div\", \"Test.allTheThings() T-Shirt (Red)\").click();\ncy.url().should(\"eq\", \"https://www.saucedemo.com/inventory-item.html?id=3\");\ncy.get(nameProduct).should(\"have.text\", \"Test.allTheThings() T-Shirt (Red)\");\ncy.get(priceProduct).should(\"have.text\", \"$15.99\");\ncy.get(addToCartButton).click();\ncy.get(shopCartIcon).click();\ncy.url().should(\"eq\", \"https://www.saucedemo.com/cart.html\");\ncy.get(checkoutButton).click();\ncy.url().should(\"eq\", \"https://www.saucedemo.com/checkout-step-one.html\");\ncy.get(firstNameInput).type(firstName);\ncy.get(lastNameInput).type(lastName);\ncy.get(postalCodeInput).type(postalCode);\ncy.get(continueButton).click();\ncy.url().should(\"eq\", \"https://www.saucedemo.com/checkout-step-two.html\");\ncy.get(finishButton).click();\ncy.url().should(\"eq\", \"https://www.saucedemo.com/checkout-complete.html\");\ncy.get(messageFinish).should(\"have.text\", \"THANK YOU FOR YOUR ORDER\");",
              "err": {},
              "uuid": "b6c6eae8-ac24-4fe1-9343-a04e8431b156",
              "parentUUID": "f9b587ba-aaef-4092-84db-d5905893615a",
              "isHook": false,
              "skipped": false
            }
          ],
          "suites": [],
          "passes": [
            "f4eee261-8536-4017-b759-fe9bdea9dd70",
            "0fc67370-78cf-4ef1-a48b-63ed17037ee5",
            "082a9350-0343-455e-9155-cb1c8d9275f7",
            "76d5e6d3-1b2f-4e43-ba00-60e5e249b696",
            "f80bc04d-e22a-46a6-a11c-e26b9820f4e3",
            "a4d18af6-f887-45fb-855e-70fc87dec896",
            "bba48d64-f9a4-4e28-bfbf-1e3ae5ffbb84",
            "150a1062-c82b-4859-907e-4b251015b4f0",
            "b6c6eae8-ac24-4fe1-9343-a04e8431b156"
          ],
          "failures": [],
          "pending": [],
          "skipped": [],
          "duration": 24249,
          "root": false,
          "rootEmpty": false,
          "_timeout": 2000
        }
      ],
      "passes": [],
      "failures": [],
      "pending": [],
      "skipped": [],
      "duration": 0,
      "root": true,
      "rootEmpty": true,
      "_timeout": 2000
    }
  ],
  "meta": {
    "mocha": {
      "version": "7.0.1"
    },
    "mochawesome": {
      "options": {
        "quiet": false,
        "reportFilename": "mochawesome",
        "saveHtml": false,
        "saveJson": true,
        "consoleReporter": "spec",
        "useInlineDiffs": false,
        "code": true
      },
      "version": "6.1.1"
    },
    "marge": {
      "options": {
        "overwrite": false,
        "html": false,
        "json": true
      },
      "version": "5.1.0"
    }
  }
}
