{
  "stats": {
    "suites": 1,
    "tests": 9,
    "passes": 9,
    "pending": 0,
    "failures": 0,
    "start": "2020-08-30T00:12:48.150Z",
    "end": "2020-08-30T00:13:14.554Z",
    "duration": 26404,
    "testsRegistered": 9,
    "passPercent": 100,
    "pendingPercent": 0,
    "other": 0,
    "hasOther": false,
    "skipped": 0,
    "hasSkipped": false
  },
  "results": [
    {
      "uuid": "04d6345d-f99a-4ccc-b4c1-b9d3669d4aa5",
      "title": "",
      "fullFile": "cypress/integration/order_viewport.spec.js",
      "file": "cypress/integration/order_viewport.spec.js",
      "beforeHooks": [],
      "afterHooks": [],
      "tests": [],
      "suites": [
        {
          "uuid": "cad94b6c-d8d4-4b24-8130-bc0749bae76a",
          "title": "Order a product flow - mobile viewport",
          "fullFile": "",
          "file": "",
          "beforeHooks": [],
          "afterHooks": [],
          "tests": [
            {
              "title": "Should order a Test.allTheThings T-shirt: iphone-x ",
              "fullTitle": "Order a product flow - mobile viewport Should order a Test.allTheThings T-shirt: iphone-x ",
              "timedOut": null,
              "duration": 4680,
              "state": "passed",
              "speed": "slow",
              "pass": true,
              "fail": false,
              "pending": false,
              "context": null,
              "code": "cy.viewport(size);\ncy.visit(\"https://www.saucedemo.com/\");\ncy.get(usernameInput).type(user);\ncy.get(passwordInput).type(pass);\ncy.get(loginButton).click();\ncy.url().should(\"eq\", \"https://www.saucedemo.com/inventory.html\");\ncy.get(invContainer).contains(\"div\", \"Test.allTheThings() T-Shirt (Red)\").click();\ncy.url().should(\"eq\", \"https://www.saucedemo.com/inventory-item.html?id=3\");\ncy.get(nameProduct).should(\"have.text\", \"Test.allTheThings() T-Shirt (Red)\");\ncy.get(priceProduct).should(\"have.text\", \"$15.99\");\ncy.get(addToCartButton).click();\ncy.get(shopCartIcon).click();\ncy.url().should(\"eq\", \"https://www.saucedemo.com/cart.html\");\ncy.get(checkoutButton).click();\ncy.url().should(\"eq\", \"https://www.saucedemo.com/checkout-step-one.html\");\ncy.get(firstNameInput).type(firstName);\ncy.get(lastNameInput).type(lastName);\ncy.get(postalCodeInput).type(postalCode);\ncy.get(continueButton).click();\ncy.url().should(\"eq\", \"https://www.saucedemo.com/checkout-step-two.html\");\ncy.get(finishButton).click();\ncy.url().should(\"eq\", \"https://www.saucedemo.com/checkout-complete.html\");\ncy.get(messageFinish).should(\"have.text\", \"THANK YOU FOR YOUR ORDER\");",
              "err": {},
              "uuid": "60a33766-4923-4961-96b0-28f7e567aea2",
              "parentUUID": "cad94b6c-d8d4-4b24-8130-bc0749bae76a",
              "isHook": false,
              "skipped": false
            },
            {
              "title": "Should order a Test.allTheThings T-shirt: iphone-xr ",
              "fullTitle": "Order a product flow - mobile viewport Should order a Test.allTheThings T-shirt: iphone-xr ",
              "timedOut": null,
              "duration": 2509,
              "state": "passed",
              "speed": "slow",
              "pass": true,
              "fail": false,
              "pending": false,
              "context": null,
              "code": "cy.viewport(size);\ncy.visit(\"https://www.saucedemo.com/\");\ncy.get(usernameInput).type(user);\ncy.get(passwordInput).type(pass);\ncy.get(loginButton).click();\ncy.url().should(\"eq\", \"https://www.saucedemo.com/inventory.html\");\ncy.get(invContainer).contains(\"div\", \"Test.allTheThings() T-Shirt (Red)\").click();\ncy.url().should(\"eq\", \"https://www.saucedemo.com/inventory-item.html?id=3\");\ncy.get(nameProduct).should(\"have.text\", \"Test.allTheThings() T-Shirt (Red)\");\ncy.get(priceProduct).should(\"have.text\", \"$15.99\");\ncy.get(addToCartButton).click();\ncy.get(shopCartIcon).click();\ncy.url().should(\"eq\", \"https://www.saucedemo.com/cart.html\");\ncy.get(checkoutButton).click();\ncy.url().should(\"eq\", \"https://www.saucedemo.com/checkout-step-one.html\");\ncy.get(firstNameInput).type(firstName);\ncy.get(lastNameInput).type(lastName);\ncy.get(postalCodeInput).type(postalCode);\ncy.get(continueButton).click();\ncy.url().should(\"eq\", \"https://www.saucedemo.com/checkout-step-two.html\");\ncy.get(finishButton).click();\ncy.url().should(\"eq\", \"https://www.saucedemo.com/checkout-complete.html\");\ncy.get(messageFinish).should(\"have.text\", \"THANK YOU FOR YOUR ORDER\");",
              "err": {},
              "uuid": "6027c3ff-56be-4376-9d40-f7dffa6e7c86",
              "parentUUID": "cad94b6c-d8d4-4b24-8130-bc0749bae76a",
              "isHook": false,
              "skipped": false
            },
            {
              "title": "Should order a Test.allTheThings T-shirt: samsung-note9 ",
              "fullTitle": "Order a product flow - mobile viewport Should order a Test.allTheThings T-shirt: samsung-note9 ",
              "timedOut": null,
              "duration": 2563,
              "state": "passed",
              "speed": "slow",
              "pass": true,
              "fail": false,
              "pending": false,
              "context": null,
              "code": "cy.viewport(size);\ncy.visit(\"https://www.saucedemo.com/\");\ncy.get(usernameInput).type(user);\ncy.get(passwordInput).type(pass);\ncy.get(loginButton).click();\ncy.url().should(\"eq\", \"https://www.saucedemo.com/inventory.html\");\ncy.get(invContainer).contains(\"div\", \"Test.allTheThings() T-Shirt (Red)\").click();\ncy.url().should(\"eq\", \"https://www.saucedemo.com/inventory-item.html?id=3\");\ncy.get(nameProduct).should(\"have.text\", \"Test.allTheThings() T-Shirt (Red)\");\ncy.get(priceProduct).should(\"have.text\", \"$15.99\");\ncy.get(addToCartButton).click();\ncy.get(shopCartIcon).click();\ncy.url().should(\"eq\", \"https://www.saucedemo.com/cart.html\");\ncy.get(checkoutButton).click();\ncy.url().should(\"eq\", \"https://www.saucedemo.com/checkout-step-one.html\");\ncy.get(firstNameInput).type(firstName);\ncy.get(lastNameInput).type(lastName);\ncy.get(postalCodeInput).type(postalCode);\ncy.get(continueButton).click();\ncy.url().should(\"eq\", \"https://www.saucedemo.com/checkout-step-two.html\");\ncy.get(finishButton).click();\ncy.url().should(\"eq\", \"https://www.saucedemo.com/checkout-complete.html\");\ncy.get(messageFinish).should(\"have.text\", \"THANK YOU FOR YOUR ORDER\");",
              "err": {},
              "uuid": "b8634c9d-38d6-4781-92b1-4ede03fa622e",
              "parentUUID": "cad94b6c-d8d4-4b24-8130-bc0749bae76a",
              "isHook": false,
              "skipped": false
            },
            {
              "title": "Should order a Test.allTheThings T-shirt: samsung-s10 ",
              "fullTitle": "Order a product flow - mobile viewport Should order a Test.allTheThings T-shirt: samsung-s10 ",
              "timedOut": null,
              "duration": 2488,
              "state": "passed",
              "speed": "slow",
              "pass": true,
              "fail": false,
              "pending": false,
              "context": null,
              "code": "cy.viewport(size);\ncy.visit(\"https://www.saucedemo.com/\");\ncy.get(usernameInput).type(user);\ncy.get(passwordInput).type(pass);\ncy.get(loginButton).click();\ncy.url().should(\"eq\", \"https://www.saucedemo.com/inventory.html\");\ncy.get(invContainer).contains(\"div\", \"Test.allTheThings() T-Shirt (Red)\").click();\ncy.url().should(\"eq\", \"https://www.saucedemo.com/inventory-item.html?id=3\");\ncy.get(nameProduct).should(\"have.text\", \"Test.allTheThings() T-Shirt (Red)\");\ncy.get(priceProduct).should(\"have.text\", \"$15.99\");\ncy.get(addToCartButton).click();\ncy.get(shopCartIcon).click();\ncy.url().should(\"eq\", \"https://www.saucedemo.com/cart.html\");\ncy.get(checkoutButton).click();\ncy.url().should(\"eq\", \"https://www.saucedemo.com/checkout-step-one.html\");\ncy.get(firstNameInput).type(firstName);\ncy.get(lastNameInput).type(lastName);\ncy.get(postalCodeInput).type(postalCode);\ncy.get(continueButton).click();\ncy.url().should(\"eq\", \"https://www.saucedemo.com/checkout-step-two.html\");\ncy.get(finishButton).click();\ncy.url().should(\"eq\", \"https://www.saucedemo.com/checkout-complete.html\");\ncy.get(messageFinish).should(\"have.text\", \"THANK YOU FOR YOUR ORDER\");",
              "err": {},
              "uuid": "fe724bc2-7ac1-4e90-a6c8-e852b5adab7f",
              "parentUUID": "cad94b6c-d8d4-4b24-8130-bc0749bae76a",
              "isHook": false,
              "skipped": false
            },
            {
              "title": "Should order a Test.allTheThings T-shirt: ipad-mini ",
              "fullTitle": "Order a product flow - mobile viewport Should order a Test.allTheThings T-shirt: ipad-mini ",
              "timedOut": null,
              "duration": 2280,
              "state": "passed",
              "speed": "slow",
              "pass": true,
              "fail": false,
              "pending": false,
              "context": null,
              "code": "cy.viewport(size, 'landscape');\ncy.visit(\"https://www.saucedemo.com/\");\ncy.get(usernameInput).type(user);\ncy.get(passwordInput).type(pass);\ncy.get(loginButton).click();\ncy.url().should(\"eq\", \"https://www.saucedemo.com/inventory.html\");\ncy.get(invContainer).contains(\"div\", \"Test.allTheThings() T-Shirt (Red)\").click();\ncy.url().should(\"eq\", \"https://www.saucedemo.com/inventory-item.html?id=3\");\ncy.get(nameProduct).should(\"have.text\", \"Test.allTheThings() T-Shirt (Red)\");\ncy.get(priceProduct).should(\"have.text\", \"$15.99\");\ncy.get(addToCartButton).click();\ncy.get(shopCartIcon).click();\ncy.url().should(\"eq\", \"https://www.saucedemo.com/cart.html\");\ncy.get(checkoutButton).click();\ncy.url().should(\"eq\", \"https://www.saucedemo.com/checkout-step-one.html\");\ncy.get(firstNameInput).type(firstName);\ncy.get(lastNameInput).type(lastName);\ncy.get(postalCodeInput).type(postalCode);\ncy.get(continueButton).click();\ncy.url().should(\"eq\", \"https://www.saucedemo.com/checkout-step-two.html\");\ncy.get(finishButton).click();\ncy.url().should(\"eq\", \"https://www.saucedemo.com/checkout-complete.html\");\ncy.get(messageFinish).should(\"have.text\", \"THANK YOU FOR YOUR ORDER\");",
              "err": {},
              "uuid": "4f54c779-7d7d-4d29-9007-ab4f38e66556",
              "parentUUID": "cad94b6c-d8d4-4b24-8130-bc0749bae76a",
              "isHook": false,
              "skipped": false
            },
            {
              "title": "Should order a Test.allTheThings T-shirt: ipad-2 ",
              "fullTitle": "Order a product flow - mobile viewport Should order a Test.allTheThings T-shirt: ipad-2 ",
              "timedOut": null,
              "duration": 2315,
              "state": "passed",
              "speed": "slow",
              "pass": true,
              "fail": false,
              "pending": false,
              "context": null,
              "code": "cy.viewport(size, 'landscape');\ncy.visit(\"https://www.saucedemo.com/\");\ncy.get(usernameInput).type(user);\ncy.get(passwordInput).type(pass);\ncy.get(loginButton).click();\ncy.url().should(\"eq\", \"https://www.saucedemo.com/inventory.html\");\ncy.get(invContainer).contains(\"div\", \"Test.allTheThings() T-Shirt (Red)\").click();\ncy.url().should(\"eq\", \"https://www.saucedemo.com/inventory-item.html?id=3\");\ncy.get(nameProduct).should(\"have.text\", \"Test.allTheThings() T-Shirt (Red)\");\ncy.get(priceProduct).should(\"have.text\", \"$15.99\");\ncy.get(addToCartButton).click();\ncy.get(shopCartIcon).click();\ncy.url().should(\"eq\", \"https://www.saucedemo.com/cart.html\");\ncy.get(checkoutButton).click();\ncy.url().should(\"eq\", \"https://www.saucedemo.com/checkout-step-one.html\");\ncy.get(firstNameInput).type(firstName);\ncy.get(lastNameInput).type(lastName);\ncy.get(postalCodeInput).type(postalCode);\ncy.get(continueButton).click();\ncy.url().should(\"eq\", \"https://www.saucedemo.com/checkout-step-two.html\");\ncy.get(finishButton).click();\ncy.url().should(\"eq\", \"https://www.saucedemo.com/checkout-complete.html\");\ncy.get(messageFinish).should(\"have.text\", \"THANK YOU FOR YOUR ORDER\");",
              "err": {},
              "uuid": "f3812a2a-f2d0-4e29-82a4-520924bfea77",
              "parentUUID": "cad94b6c-d8d4-4b24-8130-bc0749bae76a",
              "isHook": false,
              "skipped": false
            },
            {
              "title": "Should order a Test.allTheThings T-shirt: macbook-11 ",
              "fullTitle": "Order a product flow - mobile viewport Should order a Test.allTheThings T-shirt: macbook-11 ",
              "timedOut": null,
              "duration": 2824,
              "state": "passed",
              "speed": "slow",
              "pass": true,
              "fail": false,
              "pending": false,
              "context": null,
              "code": "cy.viewport(size);\ncy.visit(\"https://www.saucedemo.com/\");\ncy.get(usernameInput).type(user);\ncy.get(passwordInput).type(pass);\ncy.get(loginButton).click();\ncy.url().should(\"eq\", \"https://www.saucedemo.com/inventory.html\");\ncy.get(invContainer).contains(\"div\", \"Test.allTheThings() T-Shirt (Red)\").click();\ncy.url().should(\"eq\", \"https://www.saucedemo.com/inventory-item.html?id=3\");\ncy.get(nameProduct).should(\"have.text\", \"Test.allTheThings() T-Shirt (Red)\");\ncy.get(priceProduct).should(\"have.text\", \"$15.99\");\ncy.get(addToCartButton).click();\ncy.get(shopCartIcon).click();\ncy.url().should(\"eq\", \"https://www.saucedemo.com/cart.html\");\ncy.get(checkoutButton).click();\ncy.url().should(\"eq\", \"https://www.saucedemo.com/checkout-step-one.html\");\ncy.get(firstNameInput).type(firstName);\ncy.get(lastNameInput).type(lastName);\ncy.get(postalCodeInput).type(postalCode);\ncy.get(continueButton).click();\ncy.url().should(\"eq\", \"https://www.saucedemo.com/checkout-step-two.html\");\ncy.get(finishButton).click();\ncy.url().should(\"eq\", \"https://www.saucedemo.com/checkout-complete.html\");\ncy.get(messageFinish).should(\"have.text\", \"THANK YOU FOR YOUR ORDER\");",
              "err": {},
              "uuid": "da377b6d-2848-43f7-9644-853ebf6ffae0",
              "parentUUID": "cad94b6c-d8d4-4b24-8130-bc0749bae76a",
              "isHook": false,
              "skipped": false
            },
            {
              "title": "Should order a Test.allTheThings T-shirt: macbook-13 ",
              "fullTitle": "Order a product flow - mobile viewport Should order a Test.allTheThings T-shirt: macbook-13 ",
              "timedOut": null,
              "duration": 2425,
              "state": "passed",
              "speed": "slow",
              "pass": true,
              "fail": false,
              "pending": false,
              "context": null,
              "code": "cy.viewport(size);\ncy.visit(\"https://www.saucedemo.com/\");\ncy.get(usernameInput).type(user);\ncy.get(passwordInput).type(pass);\ncy.get(loginButton).click();\ncy.url().should(\"eq\", \"https://www.saucedemo.com/inventory.html\");\ncy.get(invContainer).contains(\"div\", \"Test.allTheThings() T-Shirt (Red)\").click();\ncy.url().should(\"eq\", \"https://www.saucedemo.com/inventory-item.html?id=3\");\ncy.get(nameProduct).should(\"have.text\", \"Test.allTheThings() T-Shirt (Red)\");\ncy.get(priceProduct).should(\"have.text\", \"$15.99\");\ncy.get(addToCartButton).click();\ncy.get(shopCartIcon).click();\ncy.url().should(\"eq\", \"https://www.saucedemo.com/cart.html\");\ncy.get(checkoutButton).click();\ncy.url().should(\"eq\", \"https://www.saucedemo.com/checkout-step-one.html\");\ncy.get(firstNameInput).type(firstName);\ncy.get(lastNameInput).type(lastName);\ncy.get(postalCodeInput).type(postalCode);\ncy.get(continueButton).click();\ncy.url().should(\"eq\", \"https://www.saucedemo.com/checkout-step-two.html\");\ncy.get(finishButton).click();\ncy.url().should(\"eq\", \"https://www.saucedemo.com/checkout-complete.html\");\ncy.get(messageFinish).should(\"have.text\", \"THANK YOU FOR YOUR ORDER\");",
              "err": {},
              "uuid": "fc5de8f3-38bf-4c5c-a7ea-92b3f72d5a25",
              "parentUUID": "cad94b6c-d8d4-4b24-8130-bc0749bae76a",
              "isHook": false,
              "skipped": false
            },
            {
              "title": "Should order a Test.allTheThings T-shirt: macbook-15 ",
              "fullTitle": "Order a product flow - mobile viewport Should order a Test.allTheThings T-shirt: macbook-15 ",
              "timedOut": null,
              "duration": 2242,
              "state": "passed",
              "speed": "slow",
              "pass": true,
              "fail": false,
              "pending": false,
              "context": null,
              "code": "cy.viewport(size);\ncy.visit(\"https://www.saucedemo.com/\");\ncy.get(usernameInput).type(user);\ncy.get(passwordInput).type(pass);\ncy.get(loginButton).click();\ncy.url().should(\"eq\", \"https://www.saucedemo.com/inventory.html\");\ncy.get(invContainer).contains(\"div\", \"Test.allTheThings() T-Shirt (Red)\").click();\ncy.url().should(\"eq\", \"https://www.saucedemo.com/inventory-item.html?id=3\");\ncy.get(nameProduct).should(\"have.text\", \"Test.allTheThings() T-Shirt (Red)\");\ncy.get(priceProduct).should(\"have.text\", \"$15.99\");\ncy.get(addToCartButton).click();\ncy.get(shopCartIcon).click();\ncy.url().should(\"eq\", \"https://www.saucedemo.com/cart.html\");\ncy.get(checkoutButton).click();\ncy.url().should(\"eq\", \"https://www.saucedemo.com/checkout-step-one.html\");\ncy.get(firstNameInput).type(firstName);\ncy.get(lastNameInput).type(lastName);\ncy.get(postalCodeInput).type(postalCode);\ncy.get(continueButton).click();\ncy.url().should(\"eq\", \"https://www.saucedemo.com/checkout-step-two.html\");\ncy.get(finishButton).click();\ncy.url().should(\"eq\", \"https://www.saucedemo.com/checkout-complete.html\");\ncy.get(messageFinish).should(\"have.text\", \"THANK YOU FOR YOUR ORDER\");",
              "err": {},
              "uuid": "1bab579e-ad8e-4b9b-98be-67b3382d75c4",
              "parentUUID": "cad94b6c-d8d4-4b24-8130-bc0749bae76a",
              "isHook": false,
              "skipped": false
            }
          ],
          "suites": [],
          "passes": [
            "60a33766-4923-4961-96b0-28f7e567aea2",
            "6027c3ff-56be-4376-9d40-f7dffa6e7c86",
            "b8634c9d-38d6-4781-92b1-4ede03fa622e",
            "fe724bc2-7ac1-4e90-a6c8-e852b5adab7f",
            "4f54c779-7d7d-4d29-9007-ab4f38e66556",
            "f3812a2a-f2d0-4e29-82a4-520924bfea77",
            "da377b6d-2848-43f7-9644-853ebf6ffae0",
            "fc5de8f3-38bf-4c5c-a7ea-92b3f72d5a25",
            "1bab579e-ad8e-4b9b-98be-67b3382d75c4"
          ],
          "failures": [],
          "pending": [],
          "skipped": [],
          "duration": 24326,
          "root": false,
          "rootEmpty": false,
          "_timeout": 2000
        }
      ],
      "passes": [],
      "failures": [],
      "pending": [],
      "skipped": [],
      "duration": 0,
      "root": true,
      "rootEmpty": true,
      "_timeout": 2000
    }
  ],
  "meta": {
    "mocha": {
      "version": "7.0.1"
    },
    "mochawesome": {
      "options": {
        "quiet": false,
        "reportFilename": "mochawesome",
        "saveHtml": false,
        "saveJson": true,
        "consoleReporter": "spec",
        "useInlineDiffs": false,
        "code": true
      },
      "version": "6.1.1"
    },
    "marge": {
      "options": {
        "overwrite": false,
        "html": false,
        "json": true
      },
      "version": "5.1.0"
    }
  }
}
