{
  "stats": {
    "suites": 1,
    "tests": 1,
    "passes": 1,
    "pending": 0,
    "failures": 0,
    "start": "2020-08-30T00:34:20.348Z",
    "end": "2020-08-30T00:34:26.474Z",
    "duration": 6126,
    "testsRegistered": 1,
    "passPercent": 100,
    "pendingPercent": 0,
    "other": 0,
    "hasOther": false,
    "skipped": 0,
    "hasSkipped": false
  },
  "results": [
    {
      "uuid": "c4c46eae-9141-42b0-8165-305bd52b829d",
      "title": "",
      "fullFile": "cypress/integration/percyIntegration.spec.js",
      "file": "cypress/integration/percyIntegration.spec.js",
      "beforeHooks": [],
      "afterHooks": [],
      "tests": [],
      "suites": [
        {
          "uuid": "62b4eec6-730e-4706-953e-e01bb47e964a",
          "title": "Visual Testing - Login Page",
          "fullFile": "",
          "file": "",
          "beforeHooks": [],
          "afterHooks": [],
          "tests": [
            {
              "title": "Should login",
              "fullTitle": "Visual Testing - Login Page Should login",
              "timedOut": null,
              "duration": 4928,
              "state": "passed",
              "speed": "slow",
              "pass": true,
              "fail": false,
              "pending": false,
              "context": null,
              "code": "cy.visit(\"https://www.saucedemo.com/\");\ncy.get(usernameInput).type(user);\ncy.get(passwordInput).type(pass);\ncy.get(loginButton).click();\ncy.percySnapshot(\"loginPage\");\ncy.url().should(\"eq\", \"https://www.saucedemo.com/inventory.html\");",
              "err": {},
              "uuid": "25d29a07-4db6-4d27-84c0-ab4d2ca8aa19",
              "parentUUID": "62b4eec6-730e-4706-953e-e01bb47e964a",
              "isHook": false,
              "skipped": false
            }
          ],
          "suites": [],
          "passes": [
            "25d29a07-4db6-4d27-84c0-ab4d2ca8aa19"
          ],
          "failures": [],
          "pending": [],
          "skipped": [],
          "duration": 4928,
          "root": false,
          "rootEmpty": false,
          "_timeout": 2000
        }
      ],
      "passes": [],
      "failures": [],
      "pending": [],
      "skipped": [],
      "duration": 0,
      "root": true,
      "rootEmpty": true,
      "_timeout": 2000
    }
  ],
  "meta": {
    "mocha": {
      "version": "7.0.1"
    },
    "mochawesome": {
      "options": {
        "quiet": false,
        "reportFilename": "mochawesome",
        "saveHtml": false,
        "saveJson": true,
        "consoleReporter": "spec",
        "useInlineDiffs": false,
        "code": true
      },
      "version": "6.1.1"
    },
    "marge": {
      "options": {
        "overwrite": false,
        "html": false,
        "json": true
      },
      "version": "5.1.0"
    }
  }
}