{
  "stats": {
    "suites": 1,
    "tests": 9,
    "passes": 9,
    "pending": 0,
    "failures": 0,
    "start": "2020-08-30T00:14:23.549Z",
    "end": "2020-08-30T00:14:48.021Z",
    "duration": 24472,
    "testsRegistered": 9,
    "passPercent": 100,
    "pendingPercent": 0,
    "other": 0,
    "hasOther": false,
    "skipped": 0,
    "hasSkipped": false
  },
  "results": [
    {
      "uuid": "ffdd4bea-8cd7-49da-bd71-7f93a171082b",
      "title": "",
      "fullFile": "cypress/integration/order_viewport.spec.js",
      "file": "cypress/integration/order_viewport.spec.js",
      "beforeHooks": [],
      "afterHooks": [],
      "tests": [],
      "suites": [
        {
          "uuid": "919d678a-0f8b-456f-a8db-9cfed134da2e",
          "title": "Order a product flow - mobile viewport",
          "fullFile": "",
          "file": "",
          "beforeHooks": [],
          "afterHooks": [],
          "tests": [
            {
              "title": "Should order a Test.allTheThings T-shirt: iphone-x ",
              "fullTitle": "Order a product flow - mobile viewport Should order a Test.allTheThings T-shirt: iphone-x ",
              "timedOut": null,
              "duration": 3345,
              "state": "passed",
              "speed": "slow",
              "pass": true,
              "fail": false,
              "pending": false,
              "context": null,
              "code": "cy.viewport(size);\ncy.visit(\"https://www.saucedemo.com/\");\ncy.get(usernameInput).type(user);\ncy.get(passwordInput).type(pass);\ncy.get(loginButton).click();\ncy.url().should(\"eq\", \"https://www.saucedemo.com/inventory.html\");\ncy.get(invContainer).contains(\"div\", \"Test.allTheThings() T-Shirt (Red)\").click();\ncy.url().should(\"eq\", \"https://www.saucedemo.com/inventory-item.html?id=3\");\ncy.get(nameProduct).should(\"have.text\", \"Test.allTheThings() T-Shirt (Red)\");\ncy.get(priceProduct).should(\"have.text\", \"$15.99\");\ncy.get(addToCartButton).click();\ncy.get(shopCartIcon).click();\ncy.url().should(\"eq\", \"https://www.saucedemo.com/cart.html\");\ncy.get(checkoutButton).click();\ncy.url().should(\"eq\", \"https://www.saucedemo.com/checkout-step-one.html\");\ncy.get(firstNameInput).type(firstName);\ncy.get(lastNameInput).type(lastName);\ncy.get(postalCodeInput).type(postalCode);\ncy.get(continueButton).click();\ncy.url().should(\"eq\", \"https://www.saucedemo.com/checkout-step-two.html\");\ncy.get(finishButton).click();\ncy.url().should(\"eq\", \"https://www.saucedemo.com/checkout-complete.html\");\ncy.get(messageFinish).should(\"have.text\", \"THANK YOU FOR YOUR ORDER\");",
              "err": {},
              "uuid": "bf728cbe-8e94-45bc-8d61-373521439484",
              "parentUUID": "919d678a-0f8b-456f-a8db-9cfed134da2e",
              "isHook": false,
              "skipped": false
            },
            {
              "title": "Should order a Test.allTheThings T-shirt: iphone-xr ",
              "fullTitle": "Order a product flow - mobile viewport Should order a Test.allTheThings T-shirt: iphone-xr ",
              "timedOut": null,
              "duration": 3183,
              "state": "passed",
              "speed": "slow",
              "pass": true,
              "fail": false,
              "pending": false,
              "context": null,
              "code": "cy.viewport(size);\ncy.visit(\"https://www.saucedemo.com/\");\ncy.get(usernameInput).type(user);\ncy.get(passwordInput).type(pass);\ncy.get(loginButton).click();\ncy.url().should(\"eq\", \"https://www.saucedemo.com/inventory.html\");\ncy.get(invContainer).contains(\"div\", \"Test.allTheThings() T-Shirt (Red)\").click();\ncy.url().should(\"eq\", \"https://www.saucedemo.com/inventory-item.html?id=3\");\ncy.get(nameProduct).should(\"have.text\", \"Test.allTheThings() T-Shirt (Red)\");\ncy.get(priceProduct).should(\"have.text\", \"$15.99\");\ncy.get(addToCartButton).click();\ncy.get(shopCartIcon).click();\ncy.url().should(\"eq\", \"https://www.saucedemo.com/cart.html\");\ncy.get(checkoutButton).click();\ncy.url().should(\"eq\", \"https://www.saucedemo.com/checkout-step-one.html\");\ncy.get(firstNameInput).type(firstName);\ncy.get(lastNameInput).type(lastName);\ncy.get(postalCodeInput).type(postalCode);\ncy.get(continueButton).click();\ncy.url().should(\"eq\", \"https://www.saucedemo.com/checkout-step-two.html\");\ncy.get(finishButton).click();\ncy.url().should(\"eq\", \"https://www.saucedemo.com/checkout-complete.html\");\ncy.get(messageFinish).should(\"have.text\", \"THANK YOU FOR YOUR ORDER\");",
              "err": {},
              "uuid": "2a089b6c-28f6-4a4d-9bed-56e3ffa181fa",
              "parentUUID": "919d678a-0f8b-456f-a8db-9cfed134da2e",
              "isHook": false,
              "skipped": false
            },
            {
              "title": "Should order a Test.allTheThings T-shirt: samsung-note9 ",
              "fullTitle": "Order a product flow - mobile viewport Should order a Test.allTheThings T-shirt: samsung-note9 ",
              "timedOut": null,
              "duration": 2551,
              "state": "passed",
              "speed": "slow",
              "pass": true,
              "fail": false,
              "pending": false,
              "context": null,
              "code": "cy.viewport(size);\ncy.visit(\"https://www.saucedemo.com/\");\ncy.get(usernameInput).type(user);\ncy.get(passwordInput).type(pass);\ncy.get(loginButton).click();\ncy.url().should(\"eq\", \"https://www.saucedemo.com/inventory.html\");\ncy.get(invContainer).contains(\"div\", \"Test.allTheThings() T-Shirt (Red)\").click();\ncy.url().should(\"eq\", \"https://www.saucedemo.com/inventory-item.html?id=3\");\ncy.get(nameProduct).should(\"have.text\", \"Test.allTheThings() T-Shirt (Red)\");\ncy.get(priceProduct).should(\"have.text\", \"$15.99\");\ncy.get(addToCartButton).click();\ncy.get(shopCartIcon).click();\ncy.url().should(\"eq\", \"https://www.saucedemo.com/cart.html\");\ncy.get(checkoutButton).click();\ncy.url().should(\"eq\", \"https://www.saucedemo.com/checkout-step-one.html\");\ncy.get(firstNameInput).type(firstName);\ncy.get(lastNameInput).type(lastName);\ncy.get(postalCodeInput).type(postalCode);\ncy.get(continueButton).click();\ncy.url().should(\"eq\", \"https://www.saucedemo.com/checkout-step-two.html\");\ncy.get(finishButton).click();\ncy.url().should(\"eq\", \"https://www.saucedemo.com/checkout-complete.html\");\ncy.get(messageFinish).should(\"have.text\", \"THANK YOU FOR YOUR ORDER\");",
              "err": {},
              "uuid": "1b802fcb-4f4a-4c6f-a43e-0496e5170700",
              "parentUUID": "919d678a-0f8b-456f-a8db-9cfed134da2e",
              "isHook": false,
              "skipped": false
            },
            {
              "title": "Should order a Test.allTheThings T-shirt: samsung-s10 ",
              "fullTitle": "Order a product flow - mobile viewport Should order a Test.allTheThings T-shirt: samsung-s10 ",
              "timedOut": null,
              "duration": 2477,
              "state": "passed",
              "speed": "slow",
              "pass": true,
              "fail": false,
              "pending": false,
              "context": null,
              "code": "cy.viewport(size);\ncy.visit(\"https://www.saucedemo.com/\");\ncy.get(usernameInput).type(user);\ncy.get(passwordInput).type(pass);\ncy.get(loginButton).click();\ncy.url().should(\"eq\", \"https://www.saucedemo.com/inventory.html\");\ncy.get(invContainer).contains(\"div\", \"Test.allTheThings() T-Shirt (Red)\").click();\ncy.url().should(\"eq\", \"https://www.saucedemo.com/inventory-item.html?id=3\");\ncy.get(nameProduct).should(\"have.text\", \"Test.allTheThings() T-Shirt (Red)\");\ncy.get(priceProduct).should(\"have.text\", \"$15.99\");\ncy.get(addToCartButton).click();\ncy.get(shopCartIcon).click();\ncy.url().should(\"eq\", \"https://www.saucedemo.com/cart.html\");\ncy.get(checkoutButton).click();\ncy.url().should(\"eq\", \"https://www.saucedemo.com/checkout-step-one.html\");\ncy.get(firstNameInput).type(firstName);\ncy.get(lastNameInput).type(lastName);\ncy.get(postalCodeInput).type(postalCode);\ncy.get(continueButton).click();\ncy.url().should(\"eq\", \"https://www.saucedemo.com/checkout-step-two.html\");\ncy.get(finishButton).click();\ncy.url().should(\"eq\", \"https://www.saucedemo.com/checkout-complete.html\");\ncy.get(messageFinish).should(\"have.text\", \"THANK YOU FOR YOUR ORDER\");",
              "err": {},
              "uuid": "f03b5c31-151c-4d40-b281-a7b1d5f5a4be",
              "parentUUID": "919d678a-0f8b-456f-a8db-9cfed134da2e",
              "isHook": false,
              "skipped": false
            },
            {
              "title": "Should order a Test.allTheThings T-shirt: ipad-mini ",
              "fullTitle": "Order a product flow - mobile viewport Should order a Test.allTheThings T-shirt: ipad-mini ",
              "timedOut": null,
              "duration": 2241,
              "state": "passed",
              "speed": "slow",
              "pass": true,
              "fail": false,
              "pending": false,
              "context": null,
              "code": "cy.viewport(size, 'landscape');\ncy.visit(\"https://www.saucedemo.com/\");\ncy.get(usernameInput).type(user);\ncy.get(passwordInput).type(pass);\ncy.get(loginButton).click();\ncy.url().should(\"eq\", \"https://www.saucedemo.com/inventory.html\");\ncy.get(invContainer).contains(\"div\", \"Test.allTheThings() T-Shirt (Red)\").click();\ncy.url().should(\"eq\", \"https://www.saucedemo.com/inventory-item.html?id=3\");\ncy.get(nameProduct).should(\"have.text\", \"Test.allTheThings() T-Shirt (Red)\");\ncy.get(priceProduct).should(\"have.text\", \"$15.99\");\ncy.get(addToCartButton).click();\ncy.get(shopCartIcon).click();\ncy.url().should(\"eq\", \"https://www.saucedemo.com/cart.html\");\ncy.get(checkoutButton).click();\ncy.url().should(\"eq\", \"https://www.saucedemo.com/checkout-step-one.html\");\ncy.get(firstNameInput).type(firstName);\ncy.get(lastNameInput).type(lastName);\ncy.get(postalCodeInput).type(postalCode);\ncy.get(continueButton).click();\ncy.url().should(\"eq\", \"https://www.saucedemo.com/checkout-step-two.html\");\ncy.get(finishButton).click();\ncy.url().should(\"eq\", \"https://www.saucedemo.com/checkout-complete.html\");\ncy.get(messageFinish).should(\"have.text\", \"THANK YOU FOR YOUR ORDER\");",
              "err": {},
              "uuid": "6376f610-96d1-4554-982d-fe5e21481139",
              "parentUUID": "919d678a-0f8b-456f-a8db-9cfed134da2e",
              "isHook": false,
              "skipped": false
            },
            {
              "title": "Should order a Test.allTheThings T-shirt: ipad-2 ",
              "fullTitle": "Order a product flow - mobile viewport Should order a Test.allTheThings T-shirt: ipad-2 ",
              "timedOut": null,
              "duration": 2138,
              "state": "passed",
              "speed": "slow",
              "pass": true,
              "fail": false,
              "pending": false,
              "context": null,
              "code": "cy.viewport(size, 'landscape');\ncy.visit(\"https://www.saucedemo.com/\");\ncy.get(usernameInput).type(user);\ncy.get(passwordInput).type(pass);\ncy.get(loginButton).click();\ncy.url().should(\"eq\", \"https://www.saucedemo.com/inventory.html\");\ncy.get(invContainer).contains(\"div\", \"Test.allTheThings() T-Shirt (Red)\").click();\ncy.url().should(\"eq\", \"https://www.saucedemo.com/inventory-item.html?id=3\");\ncy.get(nameProduct).should(\"have.text\", \"Test.allTheThings() T-Shirt (Red)\");\ncy.get(priceProduct).should(\"have.text\", \"$15.99\");\ncy.get(addToCartButton).click();\ncy.get(shopCartIcon).click();\ncy.url().should(\"eq\", \"https://www.saucedemo.com/cart.html\");\ncy.get(checkoutButton).click();\ncy.url().should(\"eq\", \"https://www.saucedemo.com/checkout-step-one.html\");\ncy.get(firstNameInput).type(firstName);\ncy.get(lastNameInput).type(lastName);\ncy.get(postalCodeInput).type(postalCode);\ncy.get(continueButton).click();\ncy.url().should(\"eq\", \"https://www.saucedemo.com/checkout-step-two.html\");\ncy.get(finishButton).click();\ncy.url().should(\"eq\", \"https://www.saucedemo.com/checkout-complete.html\");\ncy.get(messageFinish).should(\"have.text\", \"THANK YOU FOR YOUR ORDER\");",
              "err": {},
              "uuid": "07e2cd31-6c4b-4dfe-b72d-ef5d540632c2",
              "parentUUID": "919d678a-0f8b-456f-a8db-9cfed134da2e",
              "isHook": false,
              "skipped": false
            },
            {
              "title": "Should order a Test.allTheThings T-shirt: macbook-11 ",
              "fullTitle": "Order a product flow - mobile viewport Should order a Test.allTheThings T-shirt: macbook-11 ",
              "timedOut": null,
              "duration": 2065,
              "state": "passed",
              "speed": "slow",
              "pass": true,
              "fail": false,
              "pending": false,
              "context": null,
              "code": "cy.viewport(size);\ncy.visit(\"https://www.saucedemo.com/\");\ncy.get(usernameInput).type(user);\ncy.get(passwordInput).type(pass);\ncy.get(loginButton).click();\ncy.url().should(\"eq\", \"https://www.saucedemo.com/inventory.html\");\ncy.get(invContainer).contains(\"div\", \"Test.allTheThings() T-Shirt (Red)\").click();\ncy.url().should(\"eq\", \"https://www.saucedemo.com/inventory-item.html?id=3\");\ncy.get(nameProduct).should(\"have.text\", \"Test.allTheThings() T-Shirt (Red)\");\ncy.get(priceProduct).should(\"have.text\", \"$15.99\");\ncy.get(addToCartButton).click();\ncy.get(shopCartIcon).click();\ncy.url().should(\"eq\", \"https://www.saucedemo.com/cart.html\");\ncy.get(checkoutButton).click();\ncy.url().should(\"eq\", \"https://www.saucedemo.com/checkout-step-one.html\");\ncy.get(firstNameInput).type(firstName);\ncy.get(lastNameInput).type(lastName);\ncy.get(postalCodeInput).type(postalCode);\ncy.get(continueButton).click();\ncy.url().should(\"eq\", \"https://www.saucedemo.com/checkout-step-two.html\");\ncy.get(finishButton).click();\ncy.url().should(\"eq\", \"https://www.saucedemo.com/checkout-complete.html\");\ncy.get(messageFinish).should(\"have.text\", \"THANK YOU FOR YOUR ORDER\");",
              "err": {},
              "uuid": "17a20544-7c07-4cfd-8be9-1700466d2907",
              "parentUUID": "919d678a-0f8b-456f-a8db-9cfed134da2e",
              "isHook": false,
              "skipped": false
            },
            {
              "title": "Should order a Test.allTheThings T-shirt: macbook-13 ",
              "fullTitle": "Order a product flow - mobile viewport Should order a Test.allTheThings T-shirt: macbook-13 ",
              "timedOut": null,
              "duration": 2386,
              "state": "passed",
              "speed": "slow",
              "pass": true,
              "fail": false,
              "pending": false,
              "context": null,
              "code": "cy.viewport(size);\ncy.visit(\"https://www.saucedemo.com/\");\ncy.get(usernameInput).type(user);\ncy.get(passwordInput).type(pass);\ncy.get(loginButton).click();\ncy.url().should(\"eq\", \"https://www.saucedemo.com/inventory.html\");\ncy.get(invContainer).contains(\"div\", \"Test.allTheThings() T-Shirt (Red)\").click();\ncy.url().should(\"eq\", \"https://www.saucedemo.com/inventory-item.html?id=3\");\ncy.get(nameProduct).should(\"have.text\", \"Test.allTheThings() T-Shirt (Red)\");\ncy.get(priceProduct).should(\"have.text\", \"$15.99\");\ncy.get(addToCartButton).click();\ncy.get(shopCartIcon).click();\ncy.url().should(\"eq\", \"https://www.saucedemo.com/cart.html\");\ncy.get(checkoutButton).click();\ncy.url().should(\"eq\", \"https://www.saucedemo.com/checkout-step-one.html\");\ncy.get(firstNameInput).type(firstName);\ncy.get(lastNameInput).type(lastName);\ncy.get(postalCodeInput).type(postalCode);\ncy.get(continueButton).click();\ncy.url().should(\"eq\", \"https://www.saucedemo.com/checkout-step-two.html\");\ncy.get(finishButton).click();\ncy.url().should(\"eq\", \"https://www.saucedemo.com/checkout-complete.html\");\ncy.get(messageFinish).should(\"have.text\", \"THANK YOU FOR YOUR ORDER\");",
              "err": {},
              "uuid": "306dcf5d-7722-44a3-847c-208010008c56",
              "parentUUID": "919d678a-0f8b-456f-a8db-9cfed134da2e",
              "isHook": false,
              "skipped": false
            },
            {
              "title": "Should order a Test.allTheThings T-shirt: macbook-15 ",
              "fullTitle": "Order a product flow - mobile viewport Should order a Test.allTheThings T-shirt: macbook-15 ",
              "timedOut": null,
              "duration": 2153,
              "state": "passed",
              "speed": "slow",
              "pass": true,
              "fail": false,
              "pending": false,
              "context": null,
              "code": "cy.viewport(size);\ncy.visit(\"https://www.saucedemo.com/\");\ncy.get(usernameInput).type(user);\ncy.get(passwordInput).type(pass);\ncy.get(loginButton).click();\ncy.url().should(\"eq\", \"https://www.saucedemo.com/inventory.html\");\ncy.get(invContainer).contains(\"div\", \"Test.allTheThings() T-Shirt (Red)\").click();\ncy.url().should(\"eq\", \"https://www.saucedemo.com/inventory-item.html?id=3\");\ncy.get(nameProduct).should(\"have.text\", \"Test.allTheThings() T-Shirt (Red)\");\ncy.get(priceProduct).should(\"have.text\", \"$15.99\");\ncy.get(addToCartButton).click();\ncy.get(shopCartIcon).click();\ncy.url().should(\"eq\", \"https://www.saucedemo.com/cart.html\");\ncy.get(checkoutButton).click();\ncy.url().should(\"eq\", \"https://www.saucedemo.com/checkout-step-one.html\");\ncy.get(firstNameInput).type(firstName);\ncy.get(lastNameInput).type(lastName);\ncy.get(postalCodeInput).type(postalCode);\ncy.get(continueButton).click();\ncy.url().should(\"eq\", \"https://www.saucedemo.com/checkout-step-two.html\");\ncy.get(finishButton).click();\ncy.url().should(\"eq\", \"https://www.saucedemo.com/checkout-complete.html\");\ncy.get(messageFinish).should(\"have.text\", \"THANK YOU FOR YOUR ORDER\");",
              "err": {},
              "uuid": "d2fa00de-5d29-445c-a5a9-574790bbe322",
              "parentUUID": "919d678a-0f8b-456f-a8db-9cfed134da2e",
              "isHook": false,
              "skipped": false
            }
          ],
          "suites": [],
          "passes": [
            "bf728cbe-8e94-45bc-8d61-373521439484",
            "2a089b6c-28f6-4a4d-9bed-56e3ffa181fa",
            "1b802fcb-4f4a-4c6f-a43e-0496e5170700",
            "f03b5c31-151c-4d40-b281-a7b1d5f5a4be",
            "6376f610-96d1-4554-982d-fe5e21481139",
            "07e2cd31-6c4b-4dfe-b72d-ef5d540632c2",
            "17a20544-7c07-4cfd-8be9-1700466d2907",
            "306dcf5d-7722-44a3-847c-208010008c56",
            "d2fa00de-5d29-445c-a5a9-574790bbe322"
          ],
          "failures": [],
          "pending": [],
          "skipped": [],
          "duration": 22539,
          "root": false,
          "rootEmpty": false,
          "_timeout": 2000
        }
      ],
      "passes": [],
      "failures": [],
      "pending": [],
      "skipped": [],
      "duration": 0,
      "root": true,
      "rootEmpty": true,
      "_timeout": 2000
    }
  ],
  "meta": {
    "mocha": {
      "version": "7.0.1"
    },
    "mochawesome": {
      "options": {
        "quiet": false,
        "reportFilename": "mochawesome",
        "saveHtml": false,
        "saveJson": true,
        "consoleReporter": "spec",
        "useInlineDiffs": false,
        "code": true
      },
      "version": "6.1.1"
    },
    "marge": {
      "options": {
        "overwrite": false,
        "html": false,
        "json": true
      },
      "version": "5.1.0"
    }
  }
}
