{
  "stats": {
    "suites": 1,
    "tests": 9,
    "passes": 9,
    "pending": 0,
    "failures": 0,
    "start": "2020-08-30T00:33:42.573Z",
    "end": "2020-08-30T00:34:12.310Z",
    "duration": 29737,
    "testsRegistered": 9,
    "passPercent": 100,
    "pendingPercent": 0,
    "other": 0,
    "hasOther": false,
    "skipped": 0,
    "hasSkipped": false
  },
  "results": [
    {
      "uuid": "f2815843-cd60-4cc3-aa16-db91818db8fe",
      "title": "",
      "fullFile": "cypress/integration/order_viewport.spec.js",
      "file": "cypress/integration/order_viewport.spec.js",
      "beforeHooks": [],
      "afterHooks": [],
      "tests": [],
      "suites": [
        {
          "uuid": "03bba3eb-e576-4ab7-b26f-96579455e5ed",
          "title": "Order a product flow - mobile viewport",
          "fullFile": "",
          "file": "",
          "beforeHooks": [],
          "afterHooks": [],
          "tests": [
            {
              "title": "Should order a Test.allTheThings T-shirt: iphone-x ",
              "fullTitle": "Order a product flow - mobile viewport Should order a Test.allTheThings T-shirt: iphone-x ",
              "timedOut": null,
              "duration": 5276,
              "state": "passed",
              "speed": "slow",
              "pass": true,
              "fail": false,
              "pending": false,
              "context": null,
              "code": "cy.viewport(size);\ncy.visit(\"https://www.saucedemo.com/\");\ncy.get(usernameInput).type(user);\ncy.get(passwordInput).type(pass);\ncy.get(loginButton).click();\ncy.url().should(\"eq\", \"https://www.saucedemo.com/inventory.html\");\ncy.get(invContainer).contains(\"div\", \"Test.allTheThings() T-Shirt (Red)\").click();\ncy.url().should(\"eq\", \"https://www.saucedemo.com/inventory-item.html?id=3\");\ncy.get(nameProduct).should(\"have.text\", \"Test.allTheThings() T-Shirt (Red)\");\ncy.get(priceProduct).should(\"have.text\", \"$15.99\");\ncy.get(addToCartButton).click();\ncy.get(shopCartIcon).click();\ncy.url().should(\"eq\", \"https://www.saucedemo.com/cart.html\");\ncy.get(checkoutButton).click();\ncy.url().should(\"eq\", \"https://www.saucedemo.com/checkout-step-one.html\");\ncy.get(firstNameInput).type(firstName);\ncy.get(lastNameInput).type(lastName);\ncy.get(postalCodeInput).type(postalCode);\ncy.get(continueButton).click();\ncy.url().should(\"eq\", \"https://www.saucedemo.com/checkout-step-two.html\");\ncy.get(finishButton).click();\ncy.url().should(\"eq\", \"https://www.saucedemo.com/checkout-complete.html\");\ncy.get(messageFinish).should(\"have.text\", \"THANK YOU FOR YOUR ORDER\");",
              "err": {},
              "uuid": "49e72f57-0a42-4c14-9b22-46a70eb22c4b",
              "parentUUID": "03bba3eb-e576-4ab7-b26f-96579455e5ed",
              "isHook": false,
              "skipped": false
            },
            {
              "title": "Should order a Test.allTheThings T-shirt: iphone-xr ",
              "fullTitle": "Order a product flow - mobile viewport Should order a Test.allTheThings T-shirt: iphone-xr ",
              "timedOut": null,
              "duration": 3343,
              "state": "passed",
              "speed": "slow",
              "pass": true,
              "fail": false,
              "pending": false,
              "context": null,
              "code": "cy.viewport(size);\ncy.visit(\"https://www.saucedemo.com/\");\ncy.get(usernameInput).type(user);\ncy.get(passwordInput).type(pass);\ncy.get(loginButton).click();\ncy.url().should(\"eq\", \"https://www.saucedemo.com/inventory.html\");\ncy.get(invContainer).contains(\"div\", \"Test.allTheThings() T-Shirt (Red)\").click();\ncy.url().should(\"eq\", \"https://www.saucedemo.com/inventory-item.html?id=3\");\ncy.get(nameProduct).should(\"have.text\", \"Test.allTheThings() T-Shirt (Red)\");\ncy.get(priceProduct).should(\"have.text\", \"$15.99\");\ncy.get(addToCartButton).click();\ncy.get(shopCartIcon).click();\ncy.url().should(\"eq\", \"https://www.saucedemo.com/cart.html\");\ncy.get(checkoutButton).click();\ncy.url().should(\"eq\", \"https://www.saucedemo.com/checkout-step-one.html\");\ncy.get(firstNameInput).type(firstName);\ncy.get(lastNameInput).type(lastName);\ncy.get(postalCodeInput).type(postalCode);\ncy.get(continueButton).click();\ncy.url().should(\"eq\", \"https://www.saucedemo.com/checkout-step-two.html\");\ncy.get(finishButton).click();\ncy.url().should(\"eq\", \"https://www.saucedemo.com/checkout-complete.html\");\ncy.get(messageFinish).should(\"have.text\", \"THANK YOU FOR YOUR ORDER\");",
              "err": {},
              "uuid": "bb318749-06d4-4c51-b414-a3e949c4804d",
              "parentUUID": "03bba3eb-e576-4ab7-b26f-96579455e5ed",
              "isHook": false,
              "skipped": false
            },
            {
              "title": "Should order a Test.allTheThings T-shirt: samsung-note9 ",
              "fullTitle": "Order a product flow - mobile viewport Should order a Test.allTheThings T-shirt: samsung-note9 ",
              "timedOut": null,
              "duration": 4808,
              "state": "passed",
              "speed": "slow",
              "pass": true,
              "fail": false,
              "pending": false,
              "context": null,
              "code": "cy.viewport(size);\ncy.visit(\"https://www.saucedemo.com/\");\ncy.get(usernameInput).type(user);\ncy.get(passwordInput).type(pass);\ncy.get(loginButton).click();\ncy.url().should(\"eq\", \"https://www.saucedemo.com/inventory.html\");\ncy.get(invContainer).contains(\"div\", \"Test.allTheThings() T-Shirt (Red)\").click();\ncy.url().should(\"eq\", \"https://www.saucedemo.com/inventory-item.html?id=3\");\ncy.get(nameProduct).should(\"have.text\", \"Test.allTheThings() T-Shirt (Red)\");\ncy.get(priceProduct).should(\"have.text\", \"$15.99\");\ncy.get(addToCartButton).click();\ncy.get(shopCartIcon).click();\ncy.url().should(\"eq\", \"https://www.saucedemo.com/cart.html\");\ncy.get(checkoutButton).click();\ncy.url().should(\"eq\", \"https://www.saucedemo.com/checkout-step-one.html\");\ncy.get(firstNameInput).type(firstName);\ncy.get(lastNameInput).type(lastName);\ncy.get(postalCodeInput).type(postalCode);\ncy.get(continueButton).click();\ncy.url().should(\"eq\", \"https://www.saucedemo.com/checkout-step-two.html\");\ncy.get(finishButton).click();\ncy.url().should(\"eq\", \"https://www.saucedemo.com/checkout-complete.html\");\ncy.get(messageFinish).should(\"have.text\", \"THANK YOU FOR YOUR ORDER\");",
              "err": {},
              "uuid": "b21857ef-1622-4472-8cf6-ce19f1a2505c",
              "parentUUID": "03bba3eb-e576-4ab7-b26f-96579455e5ed",
              "isHook": false,
              "skipped": false
            },
            {
              "title": "Should order a Test.allTheThings T-shirt: samsung-s10 ",
              "fullTitle": "Order a product flow - mobile viewport Should order a Test.allTheThings T-shirt: samsung-s10 ",
              "timedOut": null,
              "duration": 2906,
              "state": "passed",
              "speed": "slow",
              "pass": true,
              "fail": false,
              "pending": false,
              "context": null,
              "code": "cy.viewport(size);\ncy.visit(\"https://www.saucedemo.com/\");\ncy.get(usernameInput).type(user);\ncy.get(passwordInput).type(pass);\ncy.get(loginButton).click();\ncy.url().should(\"eq\", \"https://www.saucedemo.com/inventory.html\");\ncy.get(invContainer).contains(\"div\", \"Test.allTheThings() T-Shirt (Red)\").click();\ncy.url().should(\"eq\", \"https://www.saucedemo.com/inventory-item.html?id=3\");\ncy.get(nameProduct).should(\"have.text\", \"Test.allTheThings() T-Shirt (Red)\");\ncy.get(priceProduct).should(\"have.text\", \"$15.99\");\ncy.get(addToCartButton).click();\ncy.get(shopCartIcon).click();\ncy.url().should(\"eq\", \"https://www.saucedemo.com/cart.html\");\ncy.get(checkoutButton).click();\ncy.url().should(\"eq\", \"https://www.saucedemo.com/checkout-step-one.html\");\ncy.get(firstNameInput).type(firstName);\ncy.get(lastNameInput).type(lastName);\ncy.get(postalCodeInput).type(postalCode);\ncy.get(continueButton).click();\ncy.url().should(\"eq\", \"https://www.saucedemo.com/checkout-step-two.html\");\ncy.get(finishButton).click();\ncy.url().should(\"eq\", \"https://www.saucedemo.com/checkout-complete.html\");\ncy.get(messageFinish).should(\"have.text\", \"THANK YOU FOR YOUR ORDER\");",
              "err": {},
              "uuid": "7ec8df87-38a2-43b1-8c39-1c137f13f05e",
              "parentUUID": "03bba3eb-e576-4ab7-b26f-96579455e5ed",
              "isHook": false,
              "skipped": false
            },
            {
              "title": "Should order a Test.allTheThings T-shirt: ipad-mini ",
              "fullTitle": "Order a product flow - mobile viewport Should order a Test.allTheThings T-shirt: ipad-mini ",
              "timedOut": null,
              "duration": 2184,
              "state": "passed",
              "speed": "slow",
              "pass": true,
              "fail": false,
              "pending": false,
              "context": null,
              "code": "cy.viewport(size, 'landscape');\ncy.visit(\"https://www.saucedemo.com/\");\ncy.get(usernameInput).type(user);\ncy.get(passwordInput).type(pass);\ncy.get(loginButton).click();\ncy.url().should(\"eq\", \"https://www.saucedemo.com/inventory.html\");\ncy.get(invContainer).contains(\"div\", \"Test.allTheThings() T-Shirt (Red)\").click();\ncy.url().should(\"eq\", \"https://www.saucedemo.com/inventory-item.html?id=3\");\ncy.get(nameProduct).should(\"have.text\", \"Test.allTheThings() T-Shirt (Red)\");\ncy.get(priceProduct).should(\"have.text\", \"$15.99\");\ncy.get(addToCartButton).click();\ncy.get(shopCartIcon).click();\ncy.url().should(\"eq\", \"https://www.saucedemo.com/cart.html\");\ncy.get(checkoutButton).click();\ncy.url().should(\"eq\", \"https://www.saucedemo.com/checkout-step-one.html\");\ncy.get(firstNameInput).type(firstName);\ncy.get(lastNameInput).type(lastName);\ncy.get(postalCodeInput).type(postalCode);\ncy.get(continueButton).click();\ncy.url().should(\"eq\", \"https://www.saucedemo.com/checkout-step-two.html\");\ncy.get(finishButton).click();\ncy.url().should(\"eq\", \"https://www.saucedemo.com/checkout-complete.html\");\ncy.get(messageFinish).should(\"have.text\", \"THANK YOU FOR YOUR ORDER\");",
              "err": {},
              "uuid": "cbaa533c-ba62-4073-8ce0-347bf10a5618",
              "parentUUID": "03bba3eb-e576-4ab7-b26f-96579455e5ed",
              "isHook": false,
              "skipped": false
            },
            {
              "title": "Should order a Test.allTheThings T-shirt: ipad-2 ",
              "fullTitle": "Order a product flow - mobile viewport Should order a Test.allTheThings T-shirt: ipad-2 ",
              "timedOut": null,
              "duration": 2194,
              "state": "passed",
              "speed": "slow",
              "pass": true,
              "fail": false,
              "pending": false,
              "context": null,
              "code": "cy.viewport(size, 'landscape');\ncy.visit(\"https://www.saucedemo.com/\");\ncy.get(usernameInput).type(user);\ncy.get(passwordInput).type(pass);\ncy.get(loginButton).click();\ncy.url().should(\"eq\", \"https://www.saucedemo.com/inventory.html\");\ncy.get(invContainer).contains(\"div\", \"Test.allTheThings() T-Shirt (Red)\").click();\ncy.url().should(\"eq\", \"https://www.saucedemo.com/inventory-item.html?id=3\");\ncy.get(nameProduct).should(\"have.text\", \"Test.allTheThings() T-Shirt (Red)\");\ncy.get(priceProduct).should(\"have.text\", \"$15.99\");\ncy.get(addToCartButton).click();\ncy.get(shopCartIcon).click();\ncy.url().should(\"eq\", \"https://www.saucedemo.com/cart.html\");\ncy.get(checkoutButton).click();\ncy.url().should(\"eq\", \"https://www.saucedemo.com/checkout-step-one.html\");\ncy.get(firstNameInput).type(firstName);\ncy.get(lastNameInput).type(lastName);\ncy.get(postalCodeInput).type(postalCode);\ncy.get(continueButton).click();\ncy.url().should(\"eq\", \"https://www.saucedemo.com/checkout-step-two.html\");\ncy.get(finishButton).click();\ncy.url().should(\"eq\", \"https://www.saucedemo.com/checkout-complete.html\");\ncy.get(messageFinish).should(\"have.text\", \"THANK YOU FOR YOUR ORDER\");",
              "err": {},
              "uuid": "b7d9c815-3e87-448e-8705-eced351943a9",
              "parentUUID": "03bba3eb-e576-4ab7-b26f-96579455e5ed",
              "isHook": false,
              "skipped": false
            },
            {
              "title": "Should order a Test.allTheThings T-shirt: macbook-11 ",
              "fullTitle": "Order a product flow - mobile viewport Should order a Test.allTheThings T-shirt: macbook-11 ",
              "timedOut": null,
              "duration": 2297,
              "state": "passed",
              "speed": "slow",
              "pass": true,
              "fail": false,
              "pending": false,
              "context": null,
              "code": "cy.viewport(size);\ncy.visit(\"https://www.saucedemo.com/\");\ncy.get(usernameInput).type(user);\ncy.get(passwordInput).type(pass);\ncy.get(loginButton).click();\ncy.url().should(\"eq\", \"https://www.saucedemo.com/inventory.html\");\ncy.get(invContainer).contains(\"div\", \"Test.allTheThings() T-Shirt (Red)\").click();\ncy.url().should(\"eq\", \"https://www.saucedemo.com/inventory-item.html?id=3\");\ncy.get(nameProduct).should(\"have.text\", \"Test.allTheThings() T-Shirt (Red)\");\ncy.get(priceProduct).should(\"have.text\", \"$15.99\");\ncy.get(addToCartButton).click();\ncy.get(shopCartIcon).click();\ncy.url().should(\"eq\", \"https://www.saucedemo.com/cart.html\");\ncy.get(checkoutButton).click();\ncy.url().should(\"eq\", \"https://www.saucedemo.com/checkout-step-one.html\");\ncy.get(firstNameInput).type(firstName);\ncy.get(lastNameInput).type(lastName);\ncy.get(postalCodeInput).type(postalCode);\ncy.get(continueButton).click();\ncy.url().should(\"eq\", \"https://www.saucedemo.com/checkout-step-two.html\");\ncy.get(finishButton).click();\ncy.url().should(\"eq\", \"https://www.saucedemo.com/checkout-complete.html\");\ncy.get(messageFinish).should(\"have.text\", \"THANK YOU FOR YOUR ORDER\");",
              "err": {},
              "uuid": "6ecb47cb-c7e1-4f97-b753-bef435f1a10c",
              "parentUUID": "03bba3eb-e576-4ab7-b26f-96579455e5ed",
              "isHook": false,
              "skipped": false
            },
            {
              "title": "Should order a Test.allTheThings T-shirt: macbook-13 ",
              "fullTitle": "Order a product flow - mobile viewport Should order a Test.allTheThings T-shirt: macbook-13 ",
              "timedOut": null,
              "duration": 2615,
              "state": "passed",
              "speed": "slow",
              "pass": true,
              "fail": false,
              "pending": false,
              "context": null,
              "code": "cy.viewport(size);\ncy.visit(\"https://www.saucedemo.com/\");\ncy.get(usernameInput).type(user);\ncy.get(passwordInput).type(pass);\ncy.get(loginButton).click();\ncy.url().should(\"eq\", \"https://www.saucedemo.com/inventory.html\");\ncy.get(invContainer).contains(\"div\", \"Test.allTheThings() T-Shirt (Red)\").click();\ncy.url().should(\"eq\", \"https://www.saucedemo.com/inventory-item.html?id=3\");\ncy.get(nameProduct).should(\"have.text\", \"Test.allTheThings() T-Shirt (Red)\");\ncy.get(priceProduct).should(\"have.text\", \"$15.99\");\ncy.get(addToCartButton).click();\ncy.get(shopCartIcon).click();\ncy.url().should(\"eq\", \"https://www.saucedemo.com/cart.html\");\ncy.get(checkoutButton).click();\ncy.url().should(\"eq\", \"https://www.saucedemo.com/checkout-step-one.html\");\ncy.get(firstNameInput).type(firstName);\ncy.get(lastNameInput).type(lastName);\ncy.get(postalCodeInput).type(postalCode);\ncy.get(continueButton).click();\ncy.url().should(\"eq\", \"https://www.saucedemo.com/checkout-step-two.html\");\ncy.get(finishButton).click();\ncy.url().should(\"eq\", \"https://www.saucedemo.com/checkout-complete.html\");\ncy.get(messageFinish).should(\"have.text\", \"THANK YOU FOR YOUR ORDER\");",
              "err": {},
              "uuid": "6b434a3d-935b-499b-b687-0449a7f783d9",
              "parentUUID": "03bba3eb-e576-4ab7-b26f-96579455e5ed",
              "isHook": false,
              "skipped": false
            },
            {
              "title": "Should order a Test.allTheThings T-shirt: macbook-15 ",
              "fullTitle": "Order a product flow - mobile viewport Should order a Test.allTheThings T-shirt: macbook-15 ",
              "timedOut": null,
              "duration": 2079,
              "state": "passed",
              "speed": "slow",
              "pass": true,
              "fail": false,
              "pending": false,
              "context": null,
              "code": "cy.viewport(size);\ncy.visit(\"https://www.saucedemo.com/\");\ncy.get(usernameInput).type(user);\ncy.get(passwordInput).type(pass);\ncy.get(loginButton).click();\ncy.url().should(\"eq\", \"https://www.saucedemo.com/inventory.html\");\ncy.get(invContainer).contains(\"div\", \"Test.allTheThings() T-Shirt (Red)\").click();\ncy.url().should(\"eq\", \"https://www.saucedemo.com/inventory-item.html?id=3\");\ncy.get(nameProduct).should(\"have.text\", \"Test.allTheThings() T-Shirt (Red)\");\ncy.get(priceProduct).should(\"have.text\", \"$15.99\");\ncy.get(addToCartButton).click();\ncy.get(shopCartIcon).click();\ncy.url().should(\"eq\", \"https://www.saucedemo.com/cart.html\");\ncy.get(checkoutButton).click();\ncy.url().should(\"eq\", \"https://www.saucedemo.com/checkout-step-one.html\");\ncy.get(firstNameInput).type(firstName);\ncy.get(lastNameInput).type(lastName);\ncy.get(postalCodeInput).type(postalCode);\ncy.get(continueButton).click();\ncy.url().should(\"eq\", \"https://www.saucedemo.com/checkout-step-two.html\");\ncy.get(finishButton).click();\ncy.url().should(\"eq\", \"https://www.saucedemo.com/checkout-complete.html\");\ncy.get(messageFinish).should(\"have.text\", \"THANK YOU FOR YOUR ORDER\");",
              "err": {},
              "uuid": "183e8b85-5bd0-47c0-aa9a-58f6f47dae06",
              "parentUUID": "03bba3eb-e576-4ab7-b26f-96579455e5ed",
              "isHook": false,
              "skipped": false
            }
          ],
          "suites": [],
          "passes": [
            "49e72f57-0a42-4c14-9b22-46a70eb22c4b",
            "bb318749-06d4-4c51-b414-a3e949c4804d",
            "b21857ef-1622-4472-8cf6-ce19f1a2505c",
            "7ec8df87-38a2-43b1-8c39-1c137f13f05e",
            "cbaa533c-ba62-4073-8ce0-347bf10a5618",
            "b7d9c815-3e87-448e-8705-eced351943a9",
            "6ecb47cb-c7e1-4f97-b753-bef435f1a10c",
            "6b434a3d-935b-499b-b687-0449a7f783d9",
            "183e8b85-5bd0-47c0-aa9a-58f6f47dae06"
          ],
          "failures": [],
          "pending": [],
          "skipped": [],
          "duration": 27702,
          "root": false,
          "rootEmpty": false,
          "_timeout": 2000
        }
      ],
      "passes": [],
      "failures": [],
      "pending": [],
      "skipped": [],
      "duration": 0,
      "root": true,
      "rootEmpty": true,
      "_timeout": 2000
    }
  ],
  "meta": {
    "mocha": {
      "version": "7.0.1"
    },
    "mochawesome": {
      "options": {
        "quiet": false,
        "reportFilename": "mochawesome",
        "saveHtml": false,
        "saveJson": true,
        "consoleReporter": "spec",
        "useInlineDiffs": false,
        "code": true
      },
      "version": "6.1.1"
    },
    "marge": {
      "options": {
        "overwrite": false,
        "html": false,
        "json": true
      },
      "version": "5.1.0"
    }
  }
}