{
  "stats": {
    "suites": 1,
    "tests": 1,
    "passes": 0,
    "pending": 0,
    "failures": 1,
    "start": "2020-08-30T00:14:55.424Z",
    "end": "2020-08-30T00:14:57.405Z",
    "duration": 1981,
    "testsRegistered": 1,
    "passPercent": 0,
    "pendingPercent": 0,
    "other": 0,
    "hasOther": false,
    "skipped": 0,
    "hasSkipped": false
  },
  "results": [
    {
      "uuid": "93c3d64b-84df-499e-85ec-d2b2cc96fae8",
      "title": "",
      "fullFile": "cypress/integration/percyIntegration.spec.js",
      "file": "cypress/integration/percyIntegration.spec.js",
      "beforeHooks": [],
      "afterHooks": [],
      "tests": [],
      "suites": [
        {
          "uuid": "96d153e7-3972-4474-ad19-38cfe5733be6",
          "title": "Visual Testing - Login Page",
          "fullFile": "",
          "file": "",
          "beforeHooks": [],
          "afterHooks": [],
          "tests": [
            {
              "title": "Should order a Test.allTheThings T-shirt",
              "fullTitle": "Visual Testing - Login Page Should order a Test.allTheThings T-shirt",
              "timedOut": null,
              "duration": 791,
              "state": "failed",
              "speed": null,
              "pass": false,
              "fail": true,
              "pending": false,
              "context": null,
              "code": "cy.visit(\"https://www.saucedemo.com/\");\ncy.percySnapshot();\ncy.get(usernameInput).type(user);\ncy.get(passwordInput).type(pass);\ncy.get(loginButton).click();\ncy.url().should(\"eq\", \"https://www.saucedemo.com/inventory.html\");",
              "err": {
                "message": "CypressError: `cy.task('percyHealthCheck')` failed with the following error:\n\nThe 'task' event has not been registered in the plugins file. You must register it before using cy.task()\n\nFix this in your plugins file here:\n/Users/tihmatsumoto/Projects/CypressTesting/cypress/plugins/index.js\n\nhttps://on.cypress.io/api/task",
                "estack": "CypressError: `cy.task('percyHealthCheck')` failed with the following error:\n\nThe 'task' event has not been registered in the plugins file. You must register it before using cy.task()\n\nFix this in your plugins file here:\n/Users/tihmatsumoto/Projects/CypressTesting/cypress/plugins/index.js\n\nhttps://on.cypress.io/api/task\n    at https://www.saucedemo.com/__cypress/runner/cypress_runner.js:158701:21\n    at tryCatcher (https://www.saucedemo.com/__cypress/runner/cypress_runner.js:9956:23)\n    at Promise._settlePromiseFromHandler (https://www.saucedemo.com/__cypress/runner/cypress_runner.js:7891:31)\n    at Promise._settlePromise (https://www.saucedemo.com/__cypress/runner/cypress_runner.js:7948:18)\n    at Promise._settlePromise0 (https://www.saucedemo.com/__cypress/runner/cypress_runner.js:7993:10)\n    at Promise._settlePromises (https://www.saucedemo.com/__cypress/runner/cypress_runner.js:8069:18)\n    at _drainQueueStep (https://www.saucedemo.com/__cypress/runner/cypress_runner.js:4663:12)\n    at _drainQueue (https://www.saucedemo.com/__cypress/runner/cypress_runner.js:4656:9)\n    at Async.../../node_modules/bluebird/js/release/async.js.Async._drainQueues (https://www.saucedemo.com/__cypress/runner/cypress_runner.js:4672:5)\n    at Async.drainQueues (https://www.saucedemo.com/__cypress/runner/cypress_runner.js:4542:14)\nFrom Your Spec Code:\n    at Context.eval (https://www.saucedemo.com/__cypress/tests?p=cypress/support/index.js:397:8)",
                "diff": null
              },
              "uuid": "7d81748f-6462-43e4-a85c-e4734c0914d3",
              "parentUUID": "96d153e7-3972-4474-ad19-38cfe5733be6",
              "isHook": false,
              "skipped": false
            }
          ],
          "suites": [],
          "passes": [],
          "failures": ["7d81748f-6462-43e4-a85c-e4734c0914d3"],
          "pending": [],
          "skipped": [],
          "duration": 791,
          "root": false,
          "rootEmpty": false,
          "_timeout": 2000
        }
      ],
      "passes": [],
      "failures": [],
      "pending": [],
      "skipped": [],
      "duration": 0,
      "root": true,
      "rootEmpty": true,
      "_timeout": 2000
    }
  ],
  "meta": {
    "mocha": {
      "version": "7.0.1"
    },
    "mochawesome": {
      "options": {
        "quiet": false,
        "reportFilename": "mochawesome",
        "saveHtml": false,
        "saveJson": true,
        "consoleReporter": "spec",
        "useInlineDiffs": false,
        "code": true
      },
      "version": "6.1.1"
    },
    "marge": {
      "options": {
        "overwrite": false,
        "html": false,
        "json": true
      },
      "version": "5.1.0"
    }
  }
}
